{"D:\\trae\\test.github.io-master\\test.github.io-master\\server\\src\\config\\database.js": {"path":"D:\\trae\\test.github.io-master\\test.github.io-master\\server\\src\\config\\database.js","statementMap":{"0":{"start":{"line":1,"column":22},"end":{"line":1,"column":42}},"1":{"start":{"line":2,"column":13},"end":{"line":2,"column":28}},"2":{"start":{"line":4,"column":21},"end":{"line":4,"column":58}},"3":{"start":{"line":5,"column":15},"end":{"line":5,"column":73}},"4":{"start":{"line":9,"column":0},"end":{"line":50,"column":1}},"5":{"start":{"line":10,"column":2},"end":{"line":36,"column":3}},"6":{"start":{"line":38,"column":17},"end":{"line":38,"column":70}},"7":{"start":{"line":39,"column":2},"end":{"line":49,"column":4}},"8":{"start":{"line":53,"column":25},"end":{"line":61,"column":3}},"9":{"start":{"line":63,"column":20},"end":{"line":63,"column":30}},"10":{"start":{"line":65,"column":2},"end":{"line":79,"column":3}},"11":{"start":{"line":66,"column":4},"end":{"line":68,"column":6}},"12":{"start":{"line":69,"column":4},"end":{"line":69,"column":56}},"13":{"start":{"line":70,"column":4},"end":{"line":70,"column":39}},"14":{"start":{"line":72,"column":4},"end":{"line":72,"column":56}},"15":{"start":{"line":73,"column":4},"end":{"line":73,"column":36}},"16":{"start":{"line":74,"column":4},"end":{"line":78,"column":5}},"17":{"start":{"line":81,"column":2},"end":{"line":81,"column":23}},"18":{"start":{"line":85,"column":22},"end":{"line":88,"column":3}},"19":{"start":{"line":90,"column":2},"end":{"line":90,"column":35}},"20":{"start":{"line":93,"column":0},"end":{"line":93,"column":68}}},"fnMap":{"0":{"name":"testConnection","decl":{"start":{"line":52,"column":15},"end":{"line":52,"column":29}},"loc":{"start":{"line":52,"column":32},"end":{"line":82,"column":1}},"line":52},"1":{"name":"syncDatabase","decl":{"start":{"line":84,"column":15},"end":{"line":84,"column":27}},"loc":{"start":{"line":84,"column":30},"end":{"line":91,"column":1}},"line":84}},"branchMap":{"0":{"loc":{"start":{"line":5,"column":15},"end":{"line":5,"column":73}},"type":"binary-expr","locations":[{"start":{"line":5,"column":15},"end":{"line":5,"column":34}},{"start":{"line":5,"column":39},"end":{"line":5,"column":72}}],"line":5},"1":{"loc":{"start":{"line":5,"column":39},"end":{"line":5,"column":72}},"type":"cond-expr","locations":[{"start":{"line":5,"column":54},"end":{"line":5,"column":61}},{"start":{"line":5,"column":64},"end":{"line":5,"column":72}}],"line":5},"2":{"loc":{"start":{"line":9,"column":0},"end":{"line":50,"column":1}},"type":"if","locations":[{"start":{"line":9,"column":0},"end":{"line":50,"column":1}},{"start":{"line":37,"column":7},"end":{"line":50,"column":1}}],"line":9},"3":{"loc":{"start":{"line":11,"column":4},"end":{"line":11,"column":45}},"type":"binary-expr","locations":[{"start":{"line":11,"column":4},"end":{"line":11,"column":23}},{"start":{"line":11,"column":27},"end":{"line":11,"column":45}}],"line":11},"4":{"loc":{"start":{"line":12,"column":4},"end":{"line":12,"column":33}},"type":"binary-expr","locations":[{"start":{"line":12,"column":4},"end":{"line":12,"column":23}},{"start":{"line":12,"column":27},"end":{"line":12,"column":33}}],"line":12},"5":{"loc":{"start":{"line":13,"column":4},"end":{"line":13,"column":33}},"type":"binary-expr","locations":[{"start":{"line":13,"column":4},"end":{"line":13,"column":27}},{"start":{"line":13,"column":31},"end":{"line":13,"column":33}}],"line":13},"6":{"loc":{"start":{"line":15,"column":12},"end":{"line":15,"column":46}},"type":"binary-expr","locations":[{"start":{"line":15,"column":12},"end":{"line":15,"column":31}},{"start":{"line":15,"column":35},"end":{"line":15,"column":46}}],"line":15},"7":{"loc":{"start":{"line":16,"column":12},"end":{"line":16,"column":39}},"type":"binary-expr","locations":[{"start":{"line":16,"column":12},"end":{"line":16,"column":31}},{"start":{"line":16,"column":35},"end":{"line":16,"column":39}}],"line":16},"8":{"loc":{"start":{"line":18,"column":15},"end":{"line":18,"column":75}},"type":"cond-expr","locations":[{"start":{"line":18,"column":56},"end":{"line":18,"column":67}},{"start":{"line":18,"column":70},"end":{"line":18,"column":75}}],"line":18},"9":{"loc":{"start":{"line":42,"column":13},"end":{"line":42,"column":73}},"type":"cond-expr","locations":[{"start":{"line":42,"column":54},"end":{"line":42,"column":65}},{"start":{"line":42,"column":68},"end":{"line":42,"column":73}}],"line":42},"10":{"loc":{"start":{"line":55,"column":10},"end":{"line":55,"column":77}},"type":"cond-expr","locations":[{"start":{"line":55,"column":32},"end":{"line":55,"column":66}},{"start":{"line":55,"column":70},"end":{"line":55,"column":77}}],"line":55},"11":{"loc":{"start":{"line":55,"column":32},"end":{"line":55,"column":66}},"type":"binary-expr","locations":[{"start":{"line":55,"column":32},"end":{"line":55,"column":51}},{"start":{"line":55,"column":55},"end":{"line":55,"column":66}}],"line":55},"12":{"loc":{"start":{"line":56,"column":10},"end":{"line":56,"column":67}},"type":"cond-expr","locations":[{"start":{"line":56,"column":32},"end":{"line":56,"column":59}},{"start":{"line":56,"column":63},"end":{"line":56,"column":67}}],"line":56},"13":{"loc":{"start":{"line":56,"column":32},"end":{"line":56,"column":59}},"type":"binary-expr","locations":[{"start":{"line":56,"column":32},"end":{"line":56,"column":51}},{"start":{"line":56,"column":55},"end":{"line":56,"column":59}}],"line":56},"14":{"loc":{"start":{"line":57,"column":14},"end":{"line":57,"column":134}},"type":"cond-expr","locations":[{"start":{"line":57,"column":36},"end":{"line":57,"column":77}},{"start":{"line":57,"column":81},"end":{"line":57,"column":134}}],"line":57},"15":{"loc":{"start":{"line":57,"column":36},"end":{"line":57,"column":77}},"type":"binary-expr","locations":[{"start":{"line":57,"column":36},"end":{"line":57,"column":55}},{"start":{"line":57,"column":59},"end":{"line":57,"column":77}}],"line":57},"16":{"loc":{"start":{"line":77,"column":12},"end":{"line":77,"column":40}},"type":"binary-expr","locations":[{"start":{"line":77,"column":12},"end":{"line":77,"column":32}},{"start":{"line":77,"column":36},"end":{"line":77,"column":40}}],"line":77}},"s":{"0":1,"1":1,"2":1,"3":1,"4":1,"5":0,"6":1,"7":1,"8":0,"9":0,"10":0,"11":0,"12":0,"13":0,"14":0,"15":0,"16":0,"17":0,"18":0,"19":0,"20":1},"f":{"0":0,"1":0},"b":{"0":[1,0],"1":[0,0],"2":[0,1],"3":[0,0],"4":[0,0],"5":[0,0],"6":[0,0],"7":[0,0],"8":[0,0],"9":[0,1],"10":[0,0],"11":[0,0],"12":[0,0],"13":[0,0],"14":[0,0],"15":[0,0],"16":[0,0]},"_coverageSchema":"1a1c01bbd47fc00a2c39e90264f33305004495a9","hash":"17942b25dc44b7523819ca95386ac8016c3901f3"}
,"D:\\trae\\test.github.io-master\\test.github.io-master\\server\\src\\middleware\\auth.js": {"path":"D:\\trae\\test.github.io-master\\test.github.io-master\\server\\src\\middleware\\auth.js","statementMap":{"0":{"start":{"line":1,"column":12},"end":{"line":1,"column":35}},"1":{"start":{"line":2,"column":21},"end":{"line":2,"column":46}},"2":{"start":{"line":3,"column":17},"end":{"line":3,"column":37}},"3":{"start":{"line":5,"column":19},"end":{"line":5,"column":89}},"4":{"start":{"line":6,"column":23},"end":{"line":6,"column":57}},"5":{"start":{"line":7,"column":31},"end":{"line":7,"column":73}},"6":{"start":{"line":9,"column":22},"end":{"line":21,"column":1}},"7":{"start":{"line":10,"column":20},"end":{"line":10,"column":79}},"8":{"start":{"line":11,"column":2},"end":{"line":20,"column":3}},"9":{"start":{"line":23,"column":20},"end":{"line":29,"column":1}},"10":{"start":{"line":24,"column":2},"end":{"line":28,"column":3}},"11":{"start":{"line":25,"column":4},"end":{"line":25,"column":67}},"12":{"start":{"line":27,"column":4},"end":{"line":27,"column":54}},"13":{"start":{"line":31,"column":21},"end":{"line":66,"column":1}},"14":{"start":{"line":32,"column":2},"end":{"line":65,"column":3}},"15":{"start":{"line":33,"column":23},"end":{"line":33,"column":48}},"16":{"start":{"line":35,"column":4},"end":{"line":37,"column":5}},"17":{"start":{"line":36,"column":6},"end":{"line":36,"column":52}},"18":{"start":{"line":39,"column":18},"end":{"line":39,"column":42}},"19":{"start":{"line":40,"column":20},"end":{"line":40,"column":38}},"20":{"start":{"line":42,"column":17},"end":{"line":44,"column":6}},"21":{"start":{"line":46,"column":4},"end":{"line":48,"column":5}},"22":{"start":{"line":47,"column":6},"end":{"line":47,"column":56}},"23":{"start":{"line":50,"column":4},"end":{"line":52,"column":5}},"24":{"start":{"line":51,"column":6},"end":{"line":51,"column":59}},"25":{"start":{"line":54,"column":4},"end":{"line":54,"column":19}},"26":{"start":{"line":55,"column":4},"end":{"line":55,"column":24}},"27":{"start":{"line":56,"column":4},"end":{"line":56,"column":10}},"28":{"start":{"line":58,"column":4},"end":{"line":60,"column":5}},"29":{"start":{"line":59,"column":6},"end":{"line":59,"column":68}},"30":{"start":{"line":61,"column":4},"end":{"line":63,"column":5}},"31":{"start":{"line":62,"column":6},"end":{"line":62,"column":62}},"32":{"start":{"line":64,"column":4},"end":{"line":64,"column":15}},"33":{"start":{"line":68,"column":18},"end":{"line":80,"column":1}},"34":{"start":{"line":69,"column":2},"end":{"line":79,"column":3}},"35":{"start":{"line":70,"column":4},"end":{"line":72,"column":5}},"36":{"start":{"line":71,"column":6},"end":{"line":71,"column":62}},"37":{"start":{"line":74,"column":4},"end":{"line":76,"column":5}},"38":{"start":{"line":75,"column":6},"end":{"line":75,"column":61}},"39":{"start":{"line":78,"column":4},"end":{"line":78,"column":10}},"40":{"start":{"line":82,"column":25},"end":{"line":94,"column":1}},"41":{"start":{"line":83,"column":2},"end":{"line":93,"column":3}},"42":{"start":{"line":84,"column":4},"end":{"line":86,"column":5}},"43":{"start":{"line":85,"column":6},"end":{"line":85,"column":62}},"44":{"start":{"line":88,"column":4},"end":{"line":90,"column":5}},"45":{"start":{"line":89,"column":6},"end":{"line":89,"column":80}},"46":{"start":{"line":92,"column":4},"end":{"line":92,"column":10}},"47":{"start":{"line":96,"column":18},"end":{"line":106,"column":1}},"48":{"start":{"line":97,"column":2},"end":{"line":99,"column":3}},"49":{"start":{"line":98,"column":4},"end":{"line":98,"column":60}},"50":{"start":{"line":101,"column":2},"end":{"line":103,"column":3}},"51":{"start":{"line":102,"column":4},"end":{"line":102,"column":59}},"52":{"start":{"line":105,"column":2},"end":{"line":105,"column":8}},"53":{"start":{"line":108,"column":24},"end":{"line":135,"column":1}},"54":{"start":{"line":109,"column":20},"end":{"line":109,"column":46}},"55":{"start":{"line":110,"column":20},"end":{"line":110,"column":46}},"56":{"start":{"line":111,"column":16},"end":{"line":111,"column":38}},"57":{"start":{"line":113,"column":2},"end":{"line":115,"column":3}},"58":{"start":{"line":114,"column":4},"end":{"line":114,"column":65}},"59":{"start":{"line":117,"column":23},"end":{"line":117,"column":42}},"60":{"start":{"line":118,"column":14},"end":{"line":118,"column":24}},"61":{"start":{"line":119,"column":15},"end":{"line":119,"column":43}},"62":{"start":{"line":121,"column":2},"end":{"line":123,"column":3}},"63":{"start":{"line":122,"column":4},"end":{"line":122,"column":62}},"64":{"start":{"line":125,"column":28},"end":{"line":128,"column":18}},"65":{"start":{"line":130,"column":2},"end":{"line":132,"column":3}},"66":{"start":{"line":131,"column":4},"end":{"line":131,"column":65}},"67":{"start":{"line":134,"column":2},"end":{"line":134,"column":8}},"68":{"start":{"line":137,"column":0},"end":{"line":147,"column":1}}},"fnMap":{"0":{"name":"(anonymous_0)","decl":{"start":{"line":9,"column":22},"end":{"line":9,"column":23}},"loc":{"start":{"line":9,"column":49},"end":{"line":21,"column":1}},"line":9},"1":{"name":"(anonymous_1)","decl":{"start":{"line":23,"column":20},"end":{"line":23,"column":21}},"loc":{"start":{"line":23,"column":31},"end":{"line":29,"column":1}},"line":23},"2":{"name":"(anonymous_2)","decl":{"start":{"line":31,"column":21},"end":{"line":31,"column":22}},"loc":{"start":{"line":31,"column":47},"end":{"line":66,"column":1}},"line":31},"3":{"name":"(anonymous_3)","decl":{"start":{"line":68,"column":18},"end":{"line":68,"column":19}},"loc":{"start":{"line":68,"column":39},"end":{"line":80,"column":1}},"line":68},"4":{"name":"(anonymous_4)","decl":{"start":{"line":69,"column":9},"end":{"line":69,"column":10}},"loc":{"start":{"line":69,"column":29},"end":{"line":79,"column":3}},"line":69},"5":{"name":"(anonymous_5)","decl":{"start":{"line":82,"column":25},"end":{"line":82,"column":26}},"loc":{"start":{"line":82,"column":43},"end":{"line":94,"column":1}},"line":82},"6":{"name":"(anonymous_6)","decl":{"start":{"line":83,"column":9},"end":{"line":83,"column":10}},"loc":{"start":{"line":83,"column":29},"end":{"line":93,"column":3}},"line":83},"7":{"name":"(anonymous_7)","decl":{"start":{"line":96,"column":18},"end":{"line":96,"column":19}},"loc":{"start":{"line":96,"column":38},"end":{"line":106,"column":1}},"line":96},"8":{"name":"(anonymous_8)","decl":{"start":{"line":108,"column":24},"end":{"line":108,"column":25}},"loc":{"start":{"line":108,"column":44},"end":{"line":135,"column":1}},"line":108}},"branchMap":{"0":{"loc":{"start":{"line":5,"column":19},"end":{"line":5,"column":89}},"type":"binary-expr","locations":[{"start":{"line":5,"column":19},"end":{"line":5,"column":41}},{"start":{"line":5,"column":45},"end":{"line":5,"column":89}}],"line":5},"1":{"loc":{"start":{"line":6,"column":23},"end":{"line":6,"column":57}},"type":"binary-expr","locations":[{"start":{"line":6,"column":23},"end":{"line":6,"column":49}},{"start":{"line":6,"column":53},"end":{"line":6,"column":57}}],"line":6},"2":{"loc":{"start":{"line":7,"column":31},"end":{"line":7,"column":73}},"type":"binary-expr","locations":[{"start":{"line":7,"column":31},"end":{"line":7,"column":65}},{"start":{"line":7,"column":69},"end":{"line":7,"column":73}}],"line":7},"3":{"loc":{"start":{"line":9,"column":29},"end":{"line":9,"column":44}},"type":"default-arg","locations":[{"start":{"line":9,"column":36},"end":{"line":9,"column":44}}],"line":9},"4":{"loc":{"start":{"line":10,"column":20},"end":{"line":10,"column":79}},"type":"cond-expr","locations":[{"start":{"line":10,"column":40},"end":{"line":10,"column":54}},{"start":{"line":10,"column":57},"end":{"line":10,"column":79}}],"line":10},"5":{"loc":{"start":{"line":35,"column":4},"end":{"line":37,"column":5}},"type":"if","locations":[{"start":{"line":35,"column":4},"end":{"line":37,"column":5}},{"start":{},"end":{}}],"line":35},"6":{"loc":{"start":{"line":35,"column":8},"end":{"line":35,"column":56}},"type":"binary-expr","locations":[{"start":{"line":35,"column":8},"end":{"line":35,"column":19}},{"start":{"line":35,"column":23},"end":{"line":35,"column":56}}],"line":35},"7":{"loc":{"start":{"line":46,"column":4},"end":{"line":48,"column":5}},"type":"if","locations":[{"start":{"line":46,"column":4},"end":{"line":48,"column":5}},{"start":{},"end":{}}],"line":46},"8":{"loc":{"start":{"line":50,"column":4},"end":{"line":52,"column":5}},"type":"if","locations":[{"start":{"line":50,"column":4},"end":{"line":52,"column":5}},{"start":{},"end":{}}],"line":50},"9":{"loc":{"start":{"line":58,"column":4},"end":{"line":60,"column":5}},"type":"if","locations":[{"start":{"line":58,"column":4},"end":{"line":60,"column":5}},{"start":{},"end":{}}],"line":58},"10":{"loc":{"start":{"line":61,"column":4},"end":{"line":63,"column":5}},"type":"if","locations":[{"start":{"line":61,"column":4},"end":{"line":63,"column":5}},{"start":{},"end":{}}],"line":61},"11":{"loc":{"start":{"line":70,"column":4},"end":{"line":72,"column":5}},"type":"if","locations":[{"start":{"line":70,"column":4},"end":{"line":72,"column":5}},{"start":{},"end":{}}],"line":70},"12":{"loc":{"start":{"line":74,"column":4},"end":{"line":76,"column":5}},"type":"if","locations":[{"start":{"line":74,"column":4},"end":{"line":76,"column":5}},{"start":{},"end":{}}],"line":74},"13":{"loc":{"start":{"line":84,"column":4},"end":{"line":86,"column":5}},"type":"if","locations":[{"start":{"line":84,"column":4},"end":{"line":86,"column":5}},{"start":{},"end":{}}],"line":84},"14":{"loc":{"start":{"line":88,"column":4},"end":{"line":90,"column":5}},"type":"if","locations":[{"start":{"line":88,"column":4},"end":{"line":90,"column":5}},{"start":{},"end":{}}],"line":88},"15":{"loc":{"start":{"line":97,"column":2},"end":{"line":99,"column":3}},"type":"if","locations":[{"start":{"line":97,"column":2},"end":{"line":99,"column":3}},{"start":{},"end":{}}],"line":97},"16":{"loc":{"start":{"line":101,"column":2},"end":{"line":103,"column":3}},"type":"if","locations":[{"start":{"line":101,"column":2},"end":{"line":103,"column":3}},{"start":{},"end":{}}],"line":101},"17":{"loc":{"start":{"line":113,"column":2},"end":{"line":115,"column":3}},"type":"if","locations":[{"start":{"line":113,"column":2},"end":{"line":115,"column":3}},{"start":{},"end":{}}],"line":113},"18":{"loc":{"start":{"line":113,"column":6},"end":{"line":113,"column":40}},"type":"binary-expr","locations":[{"start":{"line":113,"column":6},"end":{"line":113,"column":16}},{"start":{"line":113,"column":20},"end":{"line":113,"column":30}},{"start":{"line":113,"column":34},"end":{"line":113,"column":40}}],"line":113},"19":{"loc":{"start":{"line":121,"column":2},"end":{"line":123,"column":3}},"type":"if","locations":[{"start":{"line":121,"column":2},"end":{"line":123,"column":3}},{"start":{},"end":{}}],"line":121},"20":{"loc":{"start":{"line":126,"column":26},"end":{"line":126,"column":76}},"type":"binary-expr","locations":[{"start":{"line":126,"column":26},"end":{"line":126,"column":54}},{"start":{"line":126,"column":58},"end":{"line":126,"column":76}}],"line":126},"21":{"loc":{"start":{"line":130,"column":2},"end":{"line":132,"column":3}},"type":"if","locations":[{"start":{"line":130,"column":2},"end":{"line":132,"column":3}},{"start":{},"end":{}}],"line":130}},"s":{"0":1,"1":1,"2":1,"3":1,"4":1,"5":1,"6":1,"7":2,"8":2,"9":1,"10":3,"11":3,"12":0,"13":1,"14":3,"15":3,"16":3,"17":0,"18":3,"19":3,"20":3,"21":3,"22":0,"23":3,"24":0,"25":3,"26":3,"27":3,"28":0,"29":0,"30":0,"31":0,"32":0,"33":1,"34":3,"35":0,"36":0,"37":0,"38":0,"39":0,"40":1,"41":40,"42":3,"43":0,"44":3,"45":1,"46":2,"47":1,"48":0,"49":0,"50":0,"51":0,"52":0,"53":1,"54":0,"55":0,"56":0,"57":0,"58":0,"59":0,"60":0,"61":0,"62":0,"63":0,"64":0,"65":0,"66":0,"67":0,"68":1},"f":{"0":2,"1":3,"2":3,"3":3,"4":0,"5":40,"6":3,"7":0,"8":0},"b":{"0":[1,0],"1":[1,0],"2":[1,0],"3":[2],"4":[2,0],"5":[0,3],"6":[3,3],"7":[0,3],"8":[0,3],"9":[0,0],"10":[0,0],"11":[0,0],"12":[0,0],"13":[0,3],"14":[1,2],"15":[0,0],"16":[0,0],"17":[0,0],"18":[0,0,0],"19":[0,0],"20":[0,0],"21":[0,0]},"_coverageSchema":"1a1c01bbd47fc00a2c39e90264f33305004495a9","hash":"83325da83267f6f6cbe92272d8354be3ccbfe103"}
,"D:\\trae\\test.github.io-master\\test.github.io-master\\server\\src\\middleware\\errorHandler.js": {"path":"D:\\trae\\test.github.io-master\\test.github.io-master\\server\\src\\middleware\\errorHandler.js","statementMap":{"0":{"start":{"line":1,"column":19},"end":{"line":1,"column":45}},"1":{"start":{"line":5,"column":4},"end":{"line":5,"column":18}},"2":{"start":{"line":6,"column":4},"end":{"line":6,"column":32}},"3":{"start":{"line":7,"column":4},"end":{"line":7,"column":20}},"4":{"start":{"line":8,"column":4},"end":{"line":8,"column":29}},"5":{"start":{"line":9,"column":4},"end":{"line":9,"column":51}},"6":{"start":{"line":13,"column":21},"end":{"line":63,"column":1}},"7":{"start":{"line":14,"column":14},"end":{"line":14,"column":24}},"8":{"start":{"line":15,"column":2},"end":{"line":15,"column":29}},"9":{"start":{"line":16,"column":2},"end":{"line":16,"column":33}},"10":{"start":{"line":18,"column":2},"end":{"line":21,"column":3}},"11":{"start":{"line":19,"column":20},"end":{"line":19,"column":61}},"12":{"start":{"line":19,"column":40},"end":{"line":19,"column":49}},"13":{"start":{"line":20,"column":4},"end":{"line":20,"column":58}},"14":{"start":{"line":23,"column":2},"end":{"line":26,"column":3}},"15":{"start":{"line":24,"column":20},"end":{"line":24,"column":34}},"16":{"start":{"line":25,"column":4},"end":{"line":25,"column":57}},"17":{"start":{"line":28,"column":2},"end":{"line":30,"column":3}},"18":{"start":{"line":29,"column":4},"end":{"line":29,"column":58}},"19":{"start":{"line":32,"column":2},"end":{"line":34,"column":3}},"20":{"start":{"line":33,"column":4},"end":{"line":33,"column":55}},"21":{"start":{"line":36,"column":2},"end":{"line":38,"column":3}},"22":{"start":{"line":37,"column":4},"end":{"line":37,"column":55}},"23":{"start":{"line":40,"column":21},"end":{"line":40,"column":44}},"24":{"start":{"line":41,"column":19},"end":{"line":48,"column":3}},"25":{"start":{"line":50,"column":2},"end":{"line":52,"column":3}},"26":{"start":{"line":51,"column":4},"end":{"line":51,"column":36}},"27":{"start":{"line":54,"column":2},"end":{"line":60,"column":4}},"28":{"start":{"line":62,"column":2},"end":{"line":62,"column":39}},"29":{"start":{"line":65,"column":21},"end":{"line":67,"column":1}},"30":{"start":{"line":65,"column":29},"end":{"line":67,"column":1}},"31":{"start":{"line":66,"column":2},"end":{"line":66,"column":49}},"32":{"start":{"line":69,"column":0},"end":{"line":69,"column":57}}},"fnMap":{"0":{"name":"(anonymous_0)","decl":{"start":{"line":4,"column":2},"end":{"line":4,"column":3}},"loc":{"start":{"line":4,"column":41},"end":{"line":10,"column":3}},"line":4},"1":{"name":"(anonymous_1)","decl":{"start":{"line":13,"column":21},"end":{"line":13,"column":22}},"loc":{"start":{"line":13,"column":46},"end":{"line":63,"column":1}},"line":13},"2":{"name":"(anonymous_2)","decl":{"start":{"line":19,"column":35},"end":{"line":19,"column":36}},"loc":{"start":{"line":19,"column":40},"end":{"line":19,"column":49}},"line":19},"3":{"name":"(anonymous_3)","decl":{"start":{"line":65,"column":21},"end":{"line":65,"column":22}},"loc":{"start":{"line":65,"column":29},"end":{"line":67,"column":1}},"line":65},"4":{"name":"(anonymous_4)","decl":{"start":{"line":65,"column":29},"end":{"line":65,"column":30}},"loc":{"start":{"line":65,"column":49},"end":{"line":67,"column":1}},"line":65}},"branchMap":{"0":{"loc":{"start":{"line":18,"column":2},"end":{"line":21,"column":3}},"type":"if","locations":[{"start":{"line":18,"column":2},"end":{"line":21,"column":3}},{"start":{},"end":{}}],"line":18},"1":{"loc":{"start":{"line":23,"column":2},"end":{"line":26,"column":3}},"type":"if","locations":[{"start":{"line":23,"column":2},"end":{"line":26,"column":3}},{"start":{},"end":{}}],"line":23},"2":{"loc":{"start":{"line":28,"column":2},"end":{"line":30,"column":3}},"type":"if","locations":[{"start":{"line":28,"column":2},"end":{"line":30,"column":3}},{"start":{},"end":{}}],"line":28},"3":{"loc":{"start":{"line":32,"column":2},"end":{"line":34,"column":3}},"type":"if","locations":[{"start":{"line":32,"column":2},"end":{"line":34,"column":3}},{"start":{},"end":{}}],"line":32},"4":{"loc":{"start":{"line":36,"column":2},"end":{"line":38,"column":3}},"type":"if","locations":[{"start":{"line":36,"column":2},"end":{"line":38,"column":3}},{"start":{},"end":{}}],"line":36},"5":{"loc":{"start":{"line":40,"column":21},"end":{"line":40,"column":44}},"type":"binary-expr","locations":[{"start":{"line":40,"column":21},"end":{"line":40,"column":37}},{"start":{"line":40,"column":41},"end":{"line":40,"column":44}}],"line":40},"6":{"loc":{"start":{"line":44,"column":12},"end":{"line":44,"column":42}},"type":"binary-expr","locations":[{"start":{"line":44,"column":12},"end":{"line":44,"column":22}},{"start":{"line":44,"column":26},"end":{"line":44,"column":42}}],"line":44},"7":{"loc":{"start":{"line":45,"column":15},"end":{"line":45,"column":41}},"type":"binary-expr","locations":[{"start":{"line":45,"column":15},"end":{"line":45,"column":28}},{"start":{"line":45,"column":32},"end":{"line":45,"column":41}}],"line":45},"8":{"loc":{"start":{"line":50,"column":2},"end":{"line":52,"column":3}},"type":"if","locations":[{"start":{"line":50,"column":2},"end":{"line":52,"column":3}},{"start":{},"end":{}}],"line":50}},"s":{"0":1,"1":3,"2":3,"3":3,"4":3,"5":3,"6":1,"7":3,"8":3,"9":3,"10":3,"11":0,"12":0,"13":0,"14":3,"15":0,"16":0,"17":3,"18":2,"19":3,"20":0,"21":3,"22":0,"23":3,"24":3,"25":3,"26":0,"27":3,"28":3,"29":1,"30":93,"31":4,"32":1},"f":{"0":3,"1":3,"2":0,"3":93,"4":4},"b":{"0":[0,3],"1":[0,3],"2":[2,1],"3":[0,3],"4":[0,3],"5":[3,0],"6":[3,0],"7":[3,0],"8":[0,3]},"_coverageSchema":"1a1c01bbd47fc00a2c39e90264f33305004495a9","hash":"c2bec7fdb3dbf325f14c4a2726515e3be771f3ff"}
,"D:\\trae\\test.github.io-master\\test.github.io-master\\server\\src\\middleware\\logger.js": {"path":"D:\\trae\\test.github.io-master\\test.github.io-master\\server\\src\\middleware\\logger.js","statementMap":{"0":{"start":{"line":1,"column":19},"end":{"line":1,"column":45}},"1":{"start":{"line":3,"column":22},"end":{"line":23,"column":1}},"2":{"start":{"line":4,"column":16},"end":{"line":4,"column":26}},"3":{"start":{"line":6,"column":2},"end":{"line":20,"column":4}},"4":{"start":{"line":7,"column":21},"end":{"line":7,"column":39}},"5":{"start":{"line":8,"column":21},"end":{"line":8,"column":60}},"6":{"start":{"line":10,"column":4},"end":{"line":19,"column":6}},"7":{"start":{"line":22,"column":2},"end":{"line":22,"column":8}},"8":{"start":{"line":25,"column":0},"end":{"line":25,"column":34}}},"fnMap":{"0":{"name":"(anonymous_0)","decl":{"start":{"line":3,"column":22},"end":{"line":3,"column":23}},"loc":{"start":{"line":3,"column":42},"end":{"line":23,"column":1}},"line":3},"1":{"name":"(anonymous_1)","decl":{"start":{"line":6,"column":19},"end":{"line":6,"column":20}},"loc":{"start":{"line":6,"column":25},"end":{"line":20,"column":3}},"line":6}},"branchMap":{"0":{"loc":{"start":{"line":8,"column":21},"end":{"line":8,"column":60}},"type":"cond-expr","locations":[{"start":{"line":8,"column":45},"end":{"line":8,"column":51}},{"start":{"line":8,"column":54},"end":{"line":8,"column":60}}],"line":8}},"s":{"0":1,"1":1,"2":5,"3":5,"4":5,"5":5,"6":5,"7":5,"8":1},"f":{"0":5,"1":5},"b":{"0":[3,2]},"_coverageSchema":"1a1c01bbd47fc00a2c39e90264f33305004495a9","hash":"9fc48fed9954fbc954f7722a70a230121e7bfd30"}
,"D:\\trae\\test.github.io-master\\test.github.io-master\\server\\src\\models\\bid.js": {"path":"D:\\trae\\test.github.io-master\\test.github.io-master\\server\\src\\models\\bid.js","statementMap":{"0":{"start":{"line":1,"column":22},"end":{"line":1,"column":42}},"1":{"start":{"line":2,"column":22},"end":{"line":2,"column":51}},"2":{"start":{"line":4,"column":12},"end":{"line":64,"column":2}},"3":{"start":{"line":66,"column":0},"end":{"line":66,"column":24}}},"fnMap":{},"branchMap":{},"s":{"0":1,"1":1,"2":1,"3":1},"f":{},"b":{},"_coverageSchema":"1a1c01bbd47fc00a2c39e90264f33305004495a9","hash":"0abafc2cb823b90c5a4c0b905523b49555d87f60"}
,"D:\\trae\\test.github.io-master\\test.github.io-master\\server\\src\\models\\cart.js": {"path":"D:\\trae\\test.github.io-master\\test.github.io-master\\server\\src\\models\\cart.js","statementMap":{"0":{"start":{"line":1,"column":22},"end":{"line":1,"column":42}},"1":{"start":{"line":2,"column":22},"end":{"line":2,"column":51}},"2":{"start":{"line":4,"column":13},"end":{"line":58,"column":2}},"3":{"start":{"line":60,"column":0},"end":{"line":60,"column":25}}},"fnMap":{},"branchMap":{},"s":{"0":1,"1":1,"2":1,"3":1},"f":{},"b":{},"_coverageSchema":"1a1c01bbd47fc00a2c39e90264f33305004495a9","hash":"cdaec2172d51bf58a417868bbc932ccca16afc2d"}
,"D:\\trae\\test.github.io-master\\test.github.io-master\\server\\src\\models\\dataLog.js": {"path":"D:\\trae\\test.github.io-master\\test.github.io-master\\server\\src\\models\\dataLog.js","statementMap":{"0":{"start":{"line":1,"column":22},"end":{"line":1,"column":42}},"1":{"start":{"line":2,"column":22},"end":{"line":2,"column":51}},"2":{"start":{"line":4,"column":16},"end":{"line":70,"column":2}},"3":{"start":{"line":72,"column":0},"end":{"line":72,"column":28}}},"fnMap":{},"branchMap":{},"s":{"0":1,"1":1,"2":1,"3":1},"f":{},"b":{},"_coverageSchema":"1a1c01bbd47fc00a2c39e90264f33305004495a9","hash":"3f4416bddff7004e43d3aa61df414f4ab55f46dc"}
,"D:\\trae\\test.github.io-master\\test.github.io-master\\server\\src\\models\\index.js": {"path":"D:\\trae\\test.github.io-master\\test.github.io-master\\server\\src\\models\\index.js","statementMap":{"0":{"start":{"line":1,"column":22},"end":{"line":1,"column":51}},"1":{"start":{"line":2,"column":17},"end":{"line":2,"column":34}},"2":{"start":{"line":3,"column":20},"end":{"line":3,"column":40}},"3":{"start":{"line":4,"column":20},"end":{"line":4,"column":40}},"4":{"start":{"line":5,"column":18},"end":{"line":5,"column":36}},"5":{"start":{"line":6,"column":17},"end":{"line":6,"column":34}},"6":{"start":{"line":7,"column":16},"end":{"line":7,"column":32}},"7":{"start":{"line":8,"column":20},"end":{"line":8,"column":40}},"8":{"start":{"line":9,"column":20},"end":{"line":9,"column":40}},"9":{"start":{"line":10,"column":31},"end":{"line":10,"column":62}},"10":{"start":{"line":11,"column":30},"end":{"line":11,"column":60}},"11":{"start":{"line":12,"column":33},"end":{"line":12,"column":66}},"12":{"start":{"line":14,"column":0},"end":{"line":14,"column":63}},"13":{"start":{"line":15,"column":0},"end":{"line":15,"column":63}},"14":{"start":{"line":17,"column":0},"end":{"line":17,"column":63}},"15":{"start":{"line":18,"column":0},"end":{"line":18,"column":62}},"16":{"start":{"line":20,"column":0},"end":{"line":20,"column":63}},"17":{"start":{"line":21,"column":0},"end":{"line":21,"column":62}},"18":{"start":{"line":22,"column":0},"end":{"line":22,"column":61}},"19":{"start":{"line":23,"column":0},"end":{"line":23,"column":67}},"20":{"start":{"line":25,"column":0},"end":{"line":25,"column":65}},"21":{"start":{"line":26,"column":0},"end":{"line":26,"column":68}},"22":{"start":{"line":28,"column":0},"end":{"line":28,"column":61}},"23":{"start":{"line":29,"column":0},"end":{"line":29,"column":66}},"24":{"start":{"line":31,"column":0},"end":{"line":31,"column":56}},"25":{"start":{"line":32,"column":0},"end":{"line":32,"column":60}},"26":{"start":{"line":34,"column":0},"end":{"line":34,"column":61}},"27":{"start":{"line":35,"column":0},"end":{"line":35,"column":58}},"28":{"start":{"line":37,"column":0},"end":{"line":37,"column":67}},"29":{"start":{"line":38,"column":0},"end":{"line":38,"column":67}},"30":{"start":{"line":40,"column":0},"end":{"line":40,"column":63}},"31":{"start":{"line":41,"column":0},"end":{"line":41,"column":61}},"32":{"start":{"line":43,"column":0},"end":{"line":43,"column":75}},"33":{"start":{"line":44,"column":0},"end":{"line":44,"column":69}},"34":{"start":{"line":45,"column":0},"end":{"line":45,"column":69}},"35":{"start":{"line":46,"column":0},"end":{"line":46,"column":65}},"36":{"start":{"line":49,"column":0},"end":{"line":49,"column":110}},"37":{"start":{"line":50,"column":0},"end":{"line":50,"column":102}},"38":{"start":{"line":51,"column":0},"end":{"line":51,"column":100}},"39":{"start":{"line":52,"column":0},"end":{"line":52,"column":101}},"40":{"start":{"line":55,"column":0},"end":{"line":55,"column":99}},"41":{"start":{"line":56,"column":0},"end":{"line":56,"column":91}},"42":{"start":{"line":57,"column":0},"end":{"line":57,"column":99}},"43":{"start":{"line":60,"column":0},"end":{"line":60,"column":113}},"44":{"start":{"line":61,"column":0},"end":{"line":61,"column":102}},"45":{"start":{"line":62,"column":0},"end":{"line":62,"column":102}},"46":{"start":{"line":63,"column":0},"end":{"line":63,"column":103}},"47":{"start":{"line":65,"column":0},"end":{"line":78,"column":1}}},"fnMap":{},"branchMap":{},"s":{"0":1,"1":1,"2":1,"3":1,"4":1,"5":1,"6":1,"7":1,"8":1,"9":1,"10":1,"11":1,"12":1,"13":1,"14":1,"15":1,"16":1,"17":1,"18":1,"19":1,"20":1,"21":1,"22":1,"23":1,"24":1,"25":1,"26":1,"27":1,"28":1,"29":1,"30":1,"31":1,"32":1,"33":1,"34":1,"35":1,"36":1,"37":1,"38":1,"39":1,"40":1,"41":1,"42":1,"43":1,"44":1,"45":1,"46":1,"47":1},"f":{},"b":{},"_coverageSchema":"1a1c01bbd47fc00a2c39e90264f33305004495a9","hash":"13e35dfc4e6f048f66f18d6959fbe9fdfc75baee"}
,"D:\\trae\\test.github.io-master\\test.github.io-master\\server\\src\\models\\message.js": {"path":"D:\\trae\\test.github.io-master\\test.github.io-master\\server\\src\\models\\message.js","statementMap":{"0":{"start":{"line":1,"column":22},"end":{"line":1,"column":42}},"1":{"start":{"line":2,"column":22},"end":{"line":2,"column":51}},"2":{"start":{"line":4,"column":16},"end":{"line":84,"column":2}},"3":{"start":{"line":86,"column":0},"end":{"line":86,"column":28}}},"fnMap":{},"branchMap":{},"s":{"0":1,"1":1,"2":1,"3":1},"f":{},"b":{},"_coverageSchema":"1a1c01bbd47fc00a2c39e90264f33305004495a9","hash":"b1997963ff57c654278dc2dec6b4f984099a0757"}
,"D:\\trae\\test.github.io-master\\test.github.io-master\\server\\src\\models\\order.js": {"path":"D:\\trae\\test.github.io-master\\test.github.io-master\\server\\src\\models\\order.js","statementMap":{"0":{"start":{"line":1,"column":22},"end":{"line":1,"column":42}},"1":{"start":{"line":2,"column":22},"end":{"line":2,"column":51}},"2":{"start":{"line":4,"column":14},"end":{"line":107,"column":2}},"3":{"start":{"line":109,"column":0},"end":{"line":109,"column":26}}},"fnMap":{},"branchMap":{},"s":{"0":1,"1":1,"2":1,"3":1},"f":{},"b":{},"_coverageSchema":"1a1c01bbd47fc00a2c39e90264f33305004495a9","hash":"f246d4414b6765ad55c3f21cc023913343c51080"}
,"D:\\trae\\test.github.io-master\\test.github.io-master\\server\\src\\models\\product.js": {"path":"D:\\trae\\test.github.io-master\\test.github.io-master\\server\\src\\models\\product.js","statementMap":{"0":{"start":{"line":1,"column":22},"end":{"line":1,"column":42}},"1":{"start":{"line":2,"column":22},"end":{"line":2,"column":51}},"2":{"start":{"line":4,"column":16},"end":{"line":80,"column":2}},"3":{"start":{"line":82,"column":0},"end":{"line":82,"column":28}}},"fnMap":{},"branchMap":{},"s":{"0":1,"1":1,"2":1,"3":1},"f":{},"b":{},"_coverageSchema":"1a1c01bbd47fc00a2c39e90264f33305004495a9","hash":"7d069e79f26117e0aa72446e75d403a52190e929"}
,"D:\\trae\\test.github.io-master\\test.github.io-master\\server\\src\\models\\productUpdateRequest.js": {"path":"D:\\trae\\test.github.io-master\\test.github.io-master\\server\\src\\models\\productUpdateRequest.js","statementMap":{"0":{"start":{"line":1,"column":22},"end":{"line":1,"column":42}},"1":{"start":{"line":2,"column":22},"end":{"line":2,"column":51}},"2":{"start":{"line":4,"column":29},"end":{"line":68,"column":2}},"3":{"start":{"line":70,"column":0},"end":{"line":70,"column":41}}},"fnMap":{},"branchMap":{},"s":{"0":1,"1":1,"2":1,"3":1},"f":{},"b":{},"_coverageSchema":"1a1c01bbd47fc00a2c39e90264f33305004495a9","hash":"735a142e2546701bb29bd08642a508d10b488393"}
,"D:\\trae\\test.github.io-master\\test.github.io-master\\server\\src\\models\\project.js": {"path":"D:\\trae\\test.github.io-master\\test.github.io-master\\server\\src\\models\\project.js","statementMap":{"0":{"start":{"line":1,"column":22},"end":{"line":1,"column":42}},"1":{"start":{"line":2,"column":22},"end":{"line":2,"column":51}},"2":{"start":{"line":4,"column":16},"end":{"line":93,"column":2}},"3":{"start":{"line":95,"column":0},"end":{"line":95,"column":28}}},"fnMap":{},"branchMap":{},"s":{"0":1,"1":1,"2":1,"3":1},"f":{},"b":{},"_coverageSchema":"1a1c01bbd47fc00a2c39e90264f33305004495a9","hash":"bc1377cecff322acec8e896abd03818c7b2529c4"}
,"D:\\trae\\test.github.io-master\\test.github.io-master\\server\\src\\models\\projectApplication.js": {"path":"D:\\trae\\test.github.io-master\\test.github.io-master\\server\\src\\models\\projectApplication.js","statementMap":{"0":{"start":{"line":1,"column":22},"end":{"line":1,"column":42}},"1":{"start":{"line":2,"column":22},"end":{"line":2,"column":51}},"2":{"start":{"line":4,"column":27},"end":{"line":76,"column":2}},"3":{"start":{"line":78,"column":0},"end":{"line":78,"column":39}}},"fnMap":{},"branchMap":{},"s":{"0":1,"1":1,"2":1,"3":1},"f":{},"b":{},"_coverageSchema":"1a1c01bbd47fc00a2c39e90264f33305004495a9","hash":"c2fbf1dbc6cecc007952d94b1230c3717a6bd82f"}
,"D:\\trae\\test.github.io-master\\test.github.io-master\\server\\src\\models\\user.js": {"path":"D:\\trae\\test.github.io-master\\test.github.io-master\\server\\src\\models\\user.js","statementMap":{"0":{"start":{"line":1,"column":22},"end":{"line":1,"column":42}},"1":{"start":{"line":2,"column":22},"end":{"line":2,"column":51}},"2":{"start":{"line":3,"column":25},"end":{"line":3,"column":52}},"3":{"start":{"line":5,"column":13},"end":{"line":108,"column":2}},"4":{"start":{"line":110,"column":0},"end":{"line":112,"column":2}},"5":{"start":{"line":111,"column":2},"end":{"line":111,"column":51}},"6":{"start":{"line":114,"column":0},"end":{"line":118,"column":2}},"7":{"start":{"line":115,"column":2},"end":{"line":117,"column":3}},"8":{"start":{"line":116,"column":4},"end":{"line":116,"column":53}},"9":{"start":{"line":120,"column":0},"end":{"line":124,"column":1}},"10":{"start":{"line":121,"column":17},"end":{"line":121,"column":46}},"11":{"start":{"line":122,"column":2},"end":{"line":122,"column":24}},"12":{"start":{"line":123,"column":2},"end":{"line":123,"column":15}},"13":{"start":{"line":126,"column":0},"end":{"line":129,"column":1}},"14":{"start":{"line":127,"column":29},"end":{"line":127,"column":56}},"15":{"start":{"line":128,"column":2},"end":{"line":128,"column":48}},"16":{"start":{"line":131,"column":0},"end":{"line":131,"column":25}}},"fnMap":{"0":{"name":"(anonymous_0)","decl":{"start":{"line":110,"column":18},"end":{"line":110,"column":19}},"loc":{"start":{"line":110,"column":34},"end":{"line":112,"column":1}},"line":110},"1":{"name":"(anonymous_1)","decl":{"start":{"line":114,"column":18},"end":{"line":114,"column":19}},"loc":{"start":{"line":114,"column":34},"end":{"line":118,"column":1}},"line":114},"2":{"name":"(anonymous_2)","decl":{"start":{"line":120,"column":24},"end":{"line":120,"column":25}},"loc":{"start":{"line":120,"column":35},"end":{"line":124,"column":1}},"line":120},"3":{"name":"(anonymous_3)","decl":{"start":{"line":126,"column":33},"end":{"line":126,"column":34}},"loc":{"start":{"line":126,"column":58},"end":{"line":129,"column":1}},"line":126}},"branchMap":{"0":{"loc":{"start":{"line":115,"column":2},"end":{"line":117,"column":3}},"type":"if","locations":[{"start":{"line":115,"column":2},"end":{"line":117,"column":3}},{"start":{},"end":{}}],"line":115}},"s":{"0":1,"1":1,"2":1,"3":1,"4":1,"5":2,"6":1,"7":0,"8":0,"9":1,"10":2,"11":2,"12":2,"13":1,"14":0,"15":0,"16":1},"f":{"0":2,"1":0,"2":2,"3":0},"b":{"0":[0,0]},"_coverageSchema":"1a1c01bbd47fc00a2c39e90264f33305004495a9","hash":"2f91a8f94b1952800b555f8c9188008c9351ac67"}
,"D:\\trae\\test.github.io-master\\test.github.io-master\\server\\src\\models\\userUpdateRequest.js": {"path":"D:\\trae\\test.github.io-master\\test.github.io-master\\server\\src\\models\\userUpdateRequest.js","statementMap":{"0":{"start":{"line":1,"column":22},"end":{"line":1,"column":42}},"1":{"start":{"line":2,"column":22},"end":{"line":2,"column":51}},"2":{"start":{"line":4,"column":26},"end":{"line":68,"column":2}},"3":{"start":{"line":70,"column":0},"end":{"line":70,"column":38}}},"fnMap":{},"branchMap":{},"s":{"0":1,"1":1,"2":1,"3":1},"f":{},"b":{},"_coverageSchema":"1a1c01bbd47fc00a2c39e90264f33305004495a9","hash":"48eb84066df6b00e1ca3f140b29ef125038597de"}
,"D:\\trae\\test.github.io-master\\test.github.io-master\\server\\src\\routes\\adminMessages.js": {"path":"D:\\trae\\test.github.io-master\\test.github.io-master\\server\\src\\routes\\adminMessages.js","statementMap":{"0":{"start":{"line":5,"column":16},"end":{"line":5,"column":34}},"1":{"start":{"line":6,"column":35},"end":{"line":6,"column":63}},"2":{"start":{"line":7,"column":47},"end":{"line":7,"column":67}},"3":{"start":{"line":8,"column":36},"end":{"line":8,"column":65}},"4":{"start":{"line":9,"column":25},"end":{"line":9,"column":62}},"5":{"start":{"line":10,"column":21},"end":{"line":10,"column":58}},"6":{"start":{"line":11,"column":15},"end":{"line":11,"column":35}},"7":{"start":{"line":13,"column":15},"end":{"line":13,"column":31}},"8":{"start":{"line":15,"column":24},"end":{"line":21,"column":1}},"9":{"start":{"line":16,"column":17},"end":{"line":16,"column":38}},"10":{"start":{"line":17,"column":2},"end":{"line":19,"column":3}},"11":{"start":{"line":18,"column":4},"end":{"line":18,"column":90}},"12":{"start":{"line":18,"column":47},"end":{"line":18,"column":52}},"13":{"start":{"line":20,"column":2},"end":{"line":20,"column":8}},"14":{"start":{"line":24,"column":0},"end":{"line":94,"column":1}},"15":{"start":{"line":27,"column":54},"end":{"line":27,"column":63}},"16":{"start":{"line":28,"column":19},"end":{"line":28,"column":40}},"17":{"start":{"line":30,"column":18},"end":{"line":30,"column":20}},"18":{"start":{"line":37,"column":24},"end":{"line":37,"column":44}},"19":{"start":{"line":39,"column":4},"end":{"line":60,"column":5}},"20":{"start":{"line":62,"column":4},"end":{"line":64,"column":5}},"21":{"start":{"line":63,"column":6},"end":{"line":63,"column":38}},"22":{"start":{"line":66,"column":4},"end":{"line":68,"column":5}},"23":{"start":{"line":67,"column":6},"end":{"line":67,"column":23}},"24":{"start":{"line":70,"column":4},"end":{"line":70,"column":105}},"25":{"start":{"line":72,"column":28},"end":{"line":77,"column":6}},"26":{"start":{"line":79,"column":4},"end":{"line":79,"column":64}},"27":{"start":{"line":80,"column":4},"end":{"line":82,"column":5}},"28":{"start":{"line":81,"column":6},"end":{"line":81,"column":68}},"29":{"start":{"line":84,"column":4},"end":{"line":92,"column":6}},"30":{"start":{"line":97,"column":0},"end":{"line":123,"column":1}},"31":{"start":{"line":100,"column":18},"end":{"line":106,"column":5}},"32":{"start":{"line":108,"column":4},"end":{"line":114,"column":5}},"33":{"start":{"line":109,"column":6},"end":{"line":109,"column":34}},"34":{"start":{"line":110,"column":11},"end":{"line":114,"column":5}},"35":{"start":{"line":111,"column":6},"end":{"line":111,"column":78}},"36":{"start":{"line":113,"column":6},"end":{"line":113,"column":70}},"37":{"start":{"line":116,"column":18},"end":{"line":116,"column":48}},"38":{"start":{"line":118,"column":4},"end":{"line":121,"column":6}},"39":{"start":{"line":126,"column":0},"end":{"line":150,"column":1}},"40":{"start":{"line":129,"column":20},"end":{"line":137,"column":6}},"41":{"start":{"line":139,"column":4},"end":{"line":141,"column":5}},"42":{"start":{"line":140,"column":6},"end":{"line":140,"column":51}},"43":{"start":{"line":143,"column":4},"end":{"line":143,"column":42}},"44":{"start":{"line":145,"column":4},"end":{"line":148,"column":6}},"45":{"start":{"line":153,"column":0},"end":{"line":179,"column":1}},"46":{"start":{"line":156,"column":18},"end":{"line":162,"column":5}},"47":{"start":{"line":164,"column":4},"end":{"line":170,"column":5}},"48":{"start":{"line":165,"column":6},"end":{"line":165,"column":34}},"49":{"start":{"line":166,"column":11},"end":{"line":170,"column":5}},"50":{"start":{"line":167,"column":6},"end":{"line":167,"column":78}},"51":{"start":{"line":169,"column":6},"end":{"line":169,"column":70}},"52":{"start":{"line":172,"column":4},"end":{"line":172,"column":53}},"53":{"start":{"line":174,"column":4},"end":{"line":177,"column":6}},"54":{"start":{"line":182,"column":0},"end":{"line":203,"column":1}},"55":{"start":{"line":185,"column":20},"end":{"line":190,"column":6}},"56":{"start":{"line":192,"column":4},"end":{"line":194,"column":5}},"57":{"start":{"line":193,"column":6},"end":{"line":193,"column":51}},"58":{"start":{"line":196,"column":4},"end":{"line":196,"column":27}},"59":{"start":{"line":198,"column":4},"end":{"line":201,"column":6}},"60":{"start":{"line":208,"column":0},"end":{"line":232,"column":1}},"61":{"start":{"line":212,"column":88},"end":{"line":212,"column":96}},"62":{"start":{"line":214,"column":20},"end":{"line":224,"column":6}},"63":{"start":{"line":226,"column":4},"end":{"line":230,"column":6}},"64":{"start":{"line":235,"column":0},"end":{"line":261,"column":1}},"65":{"start":{"line":239,"column":40},"end":{"line":239,"column":49}},"66":{"start":{"line":240,"column":19},"end":{"line":240,"column":40}},"67":{"start":{"line":242,"column":28},"end":{"line":249,"column":6}},"68":{"start":{"line":251,"column":4},"end":{"line":259,"column":6}},"69":{"start":{"line":264,"column":0},"end":{"line":286,"column":1}},"70":{"start":{"line":268,"column":20},"end":{"line":273,"column":6}},"71":{"start":{"line":275,"column":4},"end":{"line":277,"column":5}},"72":{"start":{"line":276,"column":6},"end":{"line":276,"column":51}},"73":{"start":{"line":279,"column":4},"end":{"line":279,"column":27}},"74":{"start":{"line":281,"column":4},"end":{"line":284,"column":6}},"75":{"start":{"line":289,"column":0},"end":{"line":334,"column":1}},"76":{"start":{"line":293,"column":75},"end":{"line":293,"column":83}},"77":{"start":{"line":295,"column":4},"end":{"line":327,"column":5}},"78":{"start":{"line":296,"column":6},"end":{"line":306,"column":8}},"79":{"start":{"line":307,"column":11},"end":{"line":327,"column":5}},"80":{"start":{"line":308,"column":20},"end":{"line":312,"column":8}},"81":{"start":{"line":314,"column":6},"end":{"line":326,"column":7}},"82":{"start":{"line":315,"column":8},"end":{"line":325,"column":10}},"83":{"start":{"line":329,"column":4},"end":{"line":332,"column":6}},"84":{"start":{"line":336,"column":0},"end":{"line":336,"column":23}}},"fnMap":{"0":{"name":"(anonymous_0)","decl":{"start":{"line":15,"column":24},"end":{"line":15,"column":25}},"loc":{"start":{"line":15,"column":44},"end":{"line":21,"column":1}},"line":15},"1":{"name":"(anonymous_1)","decl":{"start":{"line":18,"column":42},"end":{"line":18,"column":43}},"loc":{"start":{"line":18,"column":47},"end":{"line":18,"column":52}},"line":18},"2":{"name":"(anonymous_2)","decl":{"start":{"line":26,"column":15},"end":{"line":26,"column":16}},"loc":{"start":{"line":26,"column":35},"end":{"line":93,"column":3}},"line":26},"3":{"name":"(anonymous_3)","decl":{"start":{"line":99,"column":15},"end":{"line":99,"column":16}},"loc":{"start":{"line":99,"column":35},"end":{"line":122,"column":3}},"line":99},"4":{"name":"(anonymous_4)","decl":{"start":{"line":128,"column":15},"end":{"line":128,"column":16}},"loc":{"start":{"line":128,"column":35},"end":{"line":149,"column":3}},"line":128},"5":{"name":"(anonymous_5)","decl":{"start":{"line":155,"column":15},"end":{"line":155,"column":16}},"loc":{"start":{"line":155,"column":35},"end":{"line":178,"column":3}},"line":155},"6":{"name":"(anonymous_6)","decl":{"start":{"line":184,"column":15},"end":{"line":184,"column":16}},"loc":{"start":{"line":184,"column":35},"end":{"line":202,"column":3}},"line":184},"7":{"name":"(anonymous_7)","decl":{"start":{"line":211,"column":15},"end":{"line":211,"column":16}},"loc":{"start":{"line":211,"column":35},"end":{"line":231,"column":3}},"line":211},"8":{"name":"(anonymous_8)","decl":{"start":{"line":238,"column":15},"end":{"line":238,"column":16}},"loc":{"start":{"line":238,"column":35},"end":{"line":260,"column":3}},"line":238},"9":{"name":"(anonymous_9)","decl":{"start":{"line":267,"column":15},"end":{"line":267,"column":16}},"loc":{"start":{"line":267,"column":35},"end":{"line":285,"column":3}},"line":267},"10":{"name":"(anonymous_10)","decl":{"start":{"line":292,"column":15},"end":{"line":292,"column":16}},"loc":{"start":{"line":292,"column":35},"end":{"line":333,"column":3}},"line":292}},"branchMap":{"0":{"loc":{"start":{"line":17,"column":2},"end":{"line":19,"column":3}},"type":"if","locations":[{"start":{"line":17,"column":2},"end":{"line":19,"column":3}},{"start":{},"end":{}}],"line":17},"1":{"loc":{"start":{"line":27,"column":12},"end":{"line":27,"column":20}},"type":"default-arg","locations":[{"start":{"line":27,"column":19},"end":{"line":27,"column":20}}],"line":27},"2":{"loc":{"start":{"line":27,"column":22},"end":{"line":27,"column":35}},"type":"default-arg","locations":[{"start":{"line":27,"column":33},"end":{"line":27,"column":35}}],"line":27},"3":{"loc":{"start":{"line":46,"column":10},"end":{"line":49,"column":13}},"type":"cond-expr","locations":[{"start":{"line":46,"column":39},"end":{"line":49,"column":8}},{"start":{"line":49,"column":11},"end":{"line":49,"column":13}}],"line":46},"4":{"loc":{"start":{"line":51,"column":10},"end":{"line":54,"column":13}},"type":"cond-expr","locations":[{"start":{"line":51,"column":36},"end":{"line":54,"column":8}},{"start":{"line":54,"column":11},"end":{"line":54,"column":13}}],"line":51},"5":{"loc":{"start":{"line":57,"column":22},"end":{"line":57,"column":88}},"type":"cond-expr","locations":[{"start":{"line":57,"column":51},"end":{"line":57,"column":70}},{"start":{"line":57,"column":73},"end":{"line":57,"column":88}}],"line":57},"6":{"loc":{"start":{"line":62,"column":4},"end":{"line":64,"column":5}},"type":"if","locations":[{"start":{"line":62,"column":4},"end":{"line":64,"column":5}},{"start":{},"end":{}}],"line":62},"7":{"loc":{"start":{"line":66,"column":4},"end":{"line":68,"column":5}},"type":"if","locations":[{"start":{"line":66,"column":4},"end":{"line":68,"column":5}},{"start":{},"end":{}}],"line":66},"8":{"loc":{"start":{"line":80,"column":4},"end":{"line":82,"column":5}},"type":"if","locations":[{"start":{"line":80,"column":4},"end":{"line":82,"column":5}},{"start":{},"end":{}}],"line":80},"9":{"loc":{"start":{"line":108,"column":4},"end":{"line":114,"column":5}},"type":"if","locations":[{"start":{"line":108,"column":4},"end":{"line":114,"column":5}},{"start":{"line":110,"column":11},"end":{"line":114,"column":5}}],"line":108},"10":{"loc":{"start":{"line":110,"column":11},"end":{"line":114,"column":5}},"type":"if","locations":[{"start":{"line":110,"column":11},"end":{"line":114,"column":5}},{"start":{"line":112,"column":11},"end":{"line":114,"column":5}}],"line":110},"11":{"loc":{"start":{"line":139,"column":4},"end":{"line":141,"column":5}},"type":"if","locations":[{"start":{"line":139,"column":4},"end":{"line":141,"column":5}},{"start":{},"end":{}}],"line":139},"12":{"loc":{"start":{"line":164,"column":4},"end":{"line":170,"column":5}},"type":"if","locations":[{"start":{"line":164,"column":4},"end":{"line":170,"column":5}},{"start":{"line":166,"column":11},"end":{"line":170,"column":5}}],"line":164},"13":{"loc":{"start":{"line":166,"column":11},"end":{"line":170,"column":5}},"type":"if","locations":[{"start":{"line":166,"column":11},"end":{"line":170,"column":5}},{"start":{"line":168,"column":11},"end":{"line":170,"column":5}}],"line":166},"14":{"loc":{"start":{"line":192,"column":4},"end":{"line":194,"column":5}},"type":"if","locations":[{"start":{"line":192,"column":4},"end":{"line":194,"column":5}},{"start":{},"end":{}}],"line":192},"15":{"loc":{"start":{"line":212,"column":68},"end":{"line":212,"column":83}},"type":"default-arg","locations":[{"start":{"line":212,"column":75},"end":{"line":212,"column":83}}],"line":212},"16":{"loc":{"start":{"line":216,"column":18},"end":{"line":216,"column":69}},"type":"cond-expr","locations":[{"start":{"line":216,"column":53},"end":{"line":216,"column":60}},{"start":{"line":216,"column":63},"end":{"line":216,"column":69}}],"line":216},"17":{"loc":{"start":{"line":217,"column":18},"end":{"line":217,"column":52}},"type":"binary-expr","locations":[{"start":{"line":217,"column":18},"end":{"line":217,"column":31}},{"start":{"line":217,"column":35},"end":{"line":217,"column":52}}],"line":217},"18":{"loc":{"start":{"line":219,"column":18},"end":{"line":219,"column":110}},"type":"cond-expr","locations":[{"start":{"line":219,"column":93},"end":{"line":219,"column":103}},{"start":{"line":219,"column":106},"end":{"line":219,"column":110}}],"line":219},"19":{"loc":{"start":{"line":219,"column":18},"end":{"line":219,"column":90}},"type":"binary-expr","locations":[{"start":{"line":219,"column":18},"end":{"line":219,"column":50}},{"start":{"line":219,"column":54},"end":{"line":219,"column":90}}],"line":219},"20":{"loc":{"start":{"line":239,"column":12},"end":{"line":239,"column":20}},"type":"default-arg","locations":[{"start":{"line":239,"column":19},"end":{"line":239,"column":20}}],"line":239},"21":{"loc":{"start":{"line":239,"column":22},"end":{"line":239,"column":35}},"type":"default-arg","locations":[{"start":{"line":239,"column":33},"end":{"line":239,"column":35}}],"line":239},"22":{"loc":{"start":{"line":275,"column":4},"end":{"line":277,"column":5}},"type":"if","locations":[{"start":{"line":275,"column":4},"end":{"line":277,"column":5}},{"start":{},"end":{}}],"line":275},"23":{"loc":{"start":{"line":293,"column":55},"end":{"line":293,"column":70}},"type":"default-arg","locations":[{"start":{"line":293,"column":62},"end":{"line":293,"column":70}}],"line":293},"24":{"loc":{"start":{"line":295,"column":4},"end":{"line":327,"column":5}},"type":"if","locations":[{"start":{"line":295,"column":4},"end":{"line":327,"column":5}},{"start":{"line":307,"column":11},"end":{"line":327,"column":5}}],"line":295},"25":{"loc":{"start":{"line":295,"column":8},"end":{"line":295,"column":72}},"type":"binary-expr","locations":[{"start":{"line":295,"column":8},"end":{"line":295,"column":36}},{"start":{"line":295,"column":40},"end":{"line":295,"column":72}}],"line":295},"26":{"loc":{"start":{"line":299,"column":20},"end":{"line":299,"column":54}},"type":"binary-expr","locations":[{"start":{"line":299,"column":20},"end":{"line":299,"column":33}},{"start":{"line":299,"column":37},"end":{"line":299,"column":54}}],"line":299},"27":{"loc":{"start":{"line":307,"column":11},"end":{"line":327,"column":5}},"type":"if","locations":[{"start":{"line":307,"column":11},"end":{"line":327,"column":5}},{"start":{},"end":{}}],"line":307},"28":{"loc":{"start":{"line":307,"column":15},"end":{"line":307,"column":89}},"type":"binary-expr","locations":[{"start":{"line":307,"column":15},"end":{"line":307,"column":48}},{"start":{"line":307,"column":52},"end":{"line":307,"column":89}}],"line":307},"29":{"loc":{"start":{"line":318,"column":22},"end":{"line":318,"column":56}},"type":"binary-expr","locations":[{"start":{"line":318,"column":22},"end":{"line":318,"column":35}},{"start":{"line":318,"column":39},"end":{"line":318,"column":56}}],"line":318},"30":{"loc":{"start":{"line":319,"column":24},"end":{"line":319,"column":97}},"type":"cond-expr","locations":[{"start":{"line":319,"column":60},"end":{"line":319,"column":75}},{"start":{"line":319,"column":78},"end":{"line":319,"column":97}}],"line":319},"31":{"loc":{"start":{"line":321,"column":24},"end":{"line":321,"column":50}},"type":"binary-expr","locations":[{"start":{"line":321,"column":24},"end":{"line":321,"column":33}},{"start":{"line":321,"column":37},"end":{"line":321,"column":50}}],"line":321}},"s":{"0":1,"1":1,"2":1,"3":1,"4":1,"5":1,"6":1,"7":1,"8":1,"9":0,"10":0,"11":0,"12":0,"13":0,"14":1,"15":0,"16":0,"17":0,"18":0,"19":0,"20":0,"21":0,"22":0,"23":0,"24":0,"25":0,"26":0,"27":0,"28":0,"29":0,"30":1,"31":0,"32":0,"33":0,"34":0,"35":0,"36":0,"37":0,"38":0,"39":1,"40":0,"41":0,"42":0,"43":0,"44":0,"45":1,"46":0,"47":0,"48":0,"49":0,"50":0,"51":0,"52":0,"53":0,"54":1,"55":0,"56":0,"57":0,"58":0,"59":0,"60":1,"61":0,"62":0,"63":0,"64":1,"65":0,"66":0,"67":0,"68":0,"69":1,"70":0,"71":0,"72":0,"73":0,"74":0,"75":1,"76":0,"77":0,"78":0,"79":0,"80":0,"81":0,"82":0,"83":0,"84":1},"f":{"0":0,"1":0,"2":0,"3":0,"4":0,"5":0,"6":0,"7":0,"8":0,"9":0,"10":0},"b":{"0":[0,0],"1":[0],"2":[0],"3":[0,0],"4":[0,0],"5":[0,0],"6":[0,0],"7":[0,0],"8":[0,0],"9":[0,0],"10":[0,0],"11":[0,0],"12":[0,0],"13":[0,0],"14":[0,0],"15":[0],"16":[0,0],"17":[0,0],"18":[0,0],"19":[0,0],"20":[0],"21":[0],"22":[0,0],"23":[0],"24":[0,0],"25":[0,0],"26":[0,0],"27":[0,0],"28":[0,0],"29":[0,0],"30":[0,0],"31":[0,0]},"_coverageSchema":"1a1c01bbd47fc00a2c39e90264f33305004495a9","hash":"1756db3198b4ce6e92cd082f8a0f04506134b2ff"}
,"D:\\trae\\test.github.io-master\\test.github.io-master\\server\\src\\routes\\auth.js": {"path":"D:\\trae\\test.github.io-master\\test.github.io-master\\server\\src\\routes\\auth.js","statementMap":{"0":{"start":{"line":1,"column":16},"end":{"line":1,"column":34}},"1":{"start":{"line":2,"column":35},"end":{"line":2,"column":63}},"2":{"start":{"line":3,"column":17},"end":{"line":3,"column":37}},"3":{"start":{"line":4,"column":40},"end":{"line":4,"column":69}},"4":{"start":{"line":5,"column":25},"end":{"line":5,"column":62}},"5":{"start":{"line":6,"column":52},"end":{"line":6,"column":79}},"6":{"start":{"line":7,"column":21},"end":{"line":7,"column":58}},"7":{"start":{"line":8,"column":15},"end":{"line":8,"column":35}},"8":{"start":{"line":10,"column":15},"end":{"line":10,"column":31}},"9":{"start":{"line":12,"column":24},"end":{"line":18,"column":1}},"10":{"start":{"line":13,"column":17},"end":{"line":13,"column":38}},"11":{"start":{"line":14,"column":2},"end":{"line":16,"column":3}},"12":{"start":{"line":15,"column":4},"end":{"line":15,"column":90}},"13":{"start":{"line":15,"column":47},"end":{"line":15,"column":52}},"14":{"start":{"line":17,"column":2},"end":{"line":17,"column":8}},"15":{"start":{"line":20,"column":0},"end":{"line":89,"column":1}},"16":{"start":{"line":39,"column":23},"end":{"line":39,"column":54}},"17":{"start":{"line":40,"column":8},"end":{"line":42,"column":9}},"18":{"start":{"line":41,"column":10},"end":{"line":41,"column":51}},"19":{"start":{"line":43,"column":8},"end":{"line":43,"column":19}},"20":{"start":{"line":51,"column":68},"end":{"line":51,"column":76}},"21":{"start":{"line":53,"column":30},"end":{"line":53,"column":53}},"22":{"start":{"line":54,"column":27},"end":{"line":54,"column":47}},"23":{"start":{"line":56,"column":25},"end":{"line":63,"column":6}},"24":{"start":{"line":65,"column":4},"end":{"line":67,"column":5}},"25":{"start":{"line":66,"column":6},"end":{"line":66,"column":57}},"26":{"start":{"line":69,"column":17},"end":{"line":76,"column":6}},"27":{"start":{"line":78,"column":18},"end":{"line":78,"column":37}},"28":{"start":{"line":80,"column":4},"end":{"line":87,"column":6}},"29":{"start":{"line":91,"column":0},"end":{"line":147,"column":1}},"30":{"start":{"line":99,"column":48},"end":{"line":99,"column":56}},"31":{"start":{"line":101,"column":30},"end":{"line":101,"column":53}},"32":{"start":{"line":103,"column":17},"end":{"line":105,"column":6}},"33":{"start":{"line":107,"column":4},"end":{"line":109,"column":5}},"34":{"start":{"line":108,"column":6},"end":{"line":108,"column":64}},"35":{"start":{"line":111,"column":4},"end":{"line":113,"column":5}},"36":{"start":{"line":112,"column":6},"end":{"line":112,"column":59}},"37":{"start":{"line":115,"column":4},"end":{"line":121,"column":5}},"38":{"start":{"line":116,"column":6},"end":{"line":118,"column":7}},"39":{"start":{"line":117,"column":8},"end":{"line":117,"column":67}},"40":{"start":{"line":119,"column":11},"end":{"line":121,"column":5}},"41":{"start":{"line":120,"column":6},"end":{"line":120,"column":65}},"42":{"start":{"line":123,"column":20},"end":{"line":123,"column":56}},"43":{"start":{"line":125,"column":4},"end":{"line":127,"column":5}},"44":{"start":{"line":126,"column":6},"end":{"line":126,"column":64}},"45":{"start":{"line":129,"column":4},"end":{"line":132,"column":6}},"46":{"start":{"line":134,"column":18},"end":{"line":134,"column":37}},"47":{"start":{"line":136,"column":4},"end":{"line":145,"column":6}},"48":{"start":{"line":149,"column":0},"end":{"line":162,"column":1}},"49":{"start":{"line":152,"column":18},"end":{"line":152,"column":41}},"50":{"start":{"line":153,"column":4},"end":{"line":160,"column":6}},"51":{"start":{"line":164,"column":0},"end":{"line":172,"column":1}},"52":{"start":{"line":167,"column":4},"end":{"line":170,"column":6}},"53":{"start":{"line":174,"column":0},"end":{"line":197,"column":1}},"54":{"start":{"line":180,"column":22},"end":{"line":180,"column":30}},"55":{"start":{"line":182,"column":17},"end":{"line":182,"column":57}},"56":{"start":{"line":184,"column":4},"end":{"line":190,"column":5}},"57":{"start":{"line":185,"column":6},"end":{"line":188,"column":8}},"58":{"start":{"line":189,"column":6},"end":{"line":189,"column":12}},"59":{"start":{"line":192,"column":4},"end":{"line":195,"column":6}},"60":{"start":{"line":199,"column":0},"end":{"line":209,"column":1}},"61":{"start":{"line":202,"column":4},"end":{"line":207,"column":6}},"62":{"start":{"line":211,"column":0},"end":{"line":211,"column":23}}},"fnMap":{"0":{"name":"(anonymous_0)","decl":{"start":{"line":12,"column":24},"end":{"line":12,"column":25}},"loc":{"start":{"line":12,"column":44},"end":{"line":18,"column":1}},"line":12},"1":{"name":"(anonymous_1)","decl":{"start":{"line":15,"column":42},"end":{"line":15,"column":43}},"loc":{"start":{"line":15,"column":47},"end":{"line":15,"column":52}},"line":15},"2":{"name":"(anonymous_2)","decl":{"start":{"line":38,"column":14},"end":{"line":38,"column":15}},"loc":{"start":{"line":38,"column":25},"end":{"line":44,"column":7}},"line":38},"3":{"name":"(anonymous_3)","decl":{"start":{"line":50,"column":15},"end":{"line":50,"column":16}},"loc":{"start":{"line":50,"column":35},"end":{"line":88,"column":3}},"line":50},"4":{"name":"(anonymous_4)","decl":{"start":{"line":98,"column":15},"end":{"line":98,"column":16}},"loc":{"start":{"line":98,"column":35},"end":{"line":146,"column":3}},"line":98},"5":{"name":"(anonymous_5)","decl":{"start":{"line":151,"column":15},"end":{"line":151,"column":16}},"loc":{"start":{"line":151,"column":35},"end":{"line":161,"column":3}},"line":151},"6":{"name":"(anonymous_6)","decl":{"start":{"line":166,"column":15},"end":{"line":166,"column":16}},"loc":{"start":{"line":166,"column":35},"end":{"line":171,"column":3}},"line":166},"7":{"name":"(anonymous_7)","decl":{"start":{"line":179,"column":15},"end":{"line":179,"column":16}},"loc":{"start":{"line":179,"column":35},"end":{"line":196,"column":3}},"line":179},"8":{"name":"(anonymous_8)","decl":{"start":{"line":201,"column":15},"end":{"line":201,"column":16}},"loc":{"start":{"line":201,"column":35},"end":{"line":208,"column":3}},"line":201}},"branchMap":{"0":{"loc":{"start":{"line":14,"column":2},"end":{"line":16,"column":3}},"type":"if","locations":[{"start":{"line":14,"column":2},"end":{"line":16,"column":3}},{"start":{},"end":{}}],"line":14},"1":{"loc":{"start":{"line":40,"column":8},"end":{"line":42,"column":9}},"type":"if","locations":[{"start":{"line":40,"column":8},"end":{"line":42,"column":9}},{"start":{},"end":{}}],"line":40},"2":{"loc":{"start":{"line":65,"column":4},"end":{"line":67,"column":5}},"type":"if","locations":[{"start":{"line":65,"column":4},"end":{"line":67,"column":5}},{"start":{},"end":{}}],"line":65},"3":{"loc":{"start":{"line":75,"column":12},"end":{"line":75,"column":45}},"type":"cond-expr","locations":[{"start":{"line":75,"column":19},"end":{"line":75,"column":38}},{"start":{"line":75,"column":41},"end":{"line":75,"column":45}}],"line":75},"4":{"loc":{"start":{"line":107,"column":4},"end":{"line":109,"column":5}},"type":"if","locations":[{"start":{"line":107,"column":4},"end":{"line":109,"column":5}},{"start":{},"end":{}}],"line":107},"5":{"loc":{"start":{"line":111,"column":4},"end":{"line":113,"column":5}},"type":"if","locations":[{"start":{"line":111,"column":4},"end":{"line":113,"column":5}},{"start":{},"end":{}}],"line":111},"6":{"loc":{"start":{"line":115,"column":4},"end":{"line":121,"column":5}},"type":"if","locations":[{"start":{"line":115,"column":4},"end":{"line":121,"column":5}},{"start":{"line":119,"column":11},"end":{"line":121,"column":5}}],"line":115},"7":{"loc":{"start":{"line":116,"column":6},"end":{"line":118,"column":7}},"type":"if","locations":[{"start":{"line":116,"column":6},"end":{"line":118,"column":7}},{"start":{},"end":{}}],"line":116},"8":{"loc":{"start":{"line":116,"column":10},"end":{"line":116,"column":48}},"type":"binary-expr","locations":[{"start":{"line":116,"column":10},"end":{"line":116,"column":21}},{"start":{"line":116,"column":25},"end":{"line":116,"column":48}}],"line":116},"9":{"loc":{"start":{"line":119,"column":11},"end":{"line":121,"column":5}},"type":"if","locations":[{"start":{"line":119,"column":11},"end":{"line":121,"column":5}},{"start":{},"end":{}}],"line":119},"10":{"loc":{"start":{"line":125,"column":4},"end":{"line":127,"column":5}},"type":"if","locations":[{"start":{"line":125,"column":4},"end":{"line":127,"column":5}},{"start":{},"end":{}}],"line":125},"11":{"loc":{"start":{"line":184,"column":4},"end":{"line":190,"column":5}},"type":"if","locations":[{"start":{"line":184,"column":4},"end":{"line":190,"column":5}},{"start":{},"end":{}}],"line":184}},"s":{"0":1,"1":1,"2":1,"3":1,"4":1,"5":1,"6":1,"7":1,"8":1,"9":1,"10":2,"11":2,"12":0,"13":0,"14":2,"15":1,"16":2,"17":2,"18":0,"19":2,"20":2,"21":2,"22":2,"23":2,"24":2,"25":0,"26":2,"27":2,"28":2,"29":1,"30":0,"31":0,"32":0,"33":0,"34":0,"35":0,"36":0,"37":0,"38":0,"39":0,"40":0,"41":0,"42":0,"43":0,"44":0,"45":0,"46":0,"47":0,"48":1,"49":0,"50":0,"51":1,"52":0,"53":1,"54":0,"55":0,"56":0,"57":0,"58":0,"59":0,"60":1,"61":0,"62":1},"f":{"0":2,"1":0,"2":2,"3":2,"4":0,"5":0,"6":0,"7":0,"8":0},"b":{"0":[0,2],"1":[0,2],"2":[0,2],"3":[2,0],"4":[0,0],"5":[0,0],"6":[0,0],"7":[0,0],"8":[0,0],"9":[0,0],"10":[0,0],"11":[0,0]},"_coverageSchema":"1a1c01bbd47fc00a2c39e90264f33305004495a9","hash":"e4d8affd72aed4bf42cc8710f5a62a81dc4a7a94"}
,"D:\\trae\\test.github.io-master\\test.github.io-master\\server\\src\\routes\\bid.js": {"path":"D:\\trae\\test.github.io-master\\test.github.io-master\\server\\src\\routes\\bid.js","statementMap":{"0":{"start":{"line":1,"column":16},"end":{"line":1,"column":34}},"1":{"start":{"line":2,"column":42},"end":{"line":2,"column":70}},"2":{"start":{"line":3,"column":40},"end":{"line":3,"column":60}},"3":{"start":{"line":4,"column":43},"end":{"line":4,"column":72}},"4":{"start":{"line":5,"column":35},"end":{"line":5,"column":72}},"5":{"start":{"line":6,"column":26},"end":{"line":6,"column":53}},"6":{"start":{"line":7,"column":15},"end":{"line":7,"column":35}},"7":{"start":{"line":9,"column":15},"end":{"line":9,"column":31}},"8":{"start":{"line":11,"column":24},"end":{"line":17,"column":1}},"9":{"start":{"line":12,"column":17},"end":{"line":12,"column":38}},"10":{"start":{"line":13,"column":2},"end":{"line":15,"column":3}},"11":{"start":{"line":14,"column":4},"end":{"line":14,"column":90}},"12":{"start":{"line":14,"column":47},"end":{"line":14,"column":52}},"13":{"start":{"line":16,"column":2},"end":{"line":16,"column":8}},"14":{"start":{"line":19,"column":0},"end":{"line":77,"column":1}},"15":{"start":{"line":27,"column":17},"end":{"line":27,"column":46}},"16":{"start":{"line":28,"column":17},"end":{"line":28,"column":47}},"17":{"start":{"line":29,"column":19},"end":{"line":29,"column":36}},"18":{"start":{"line":31,"column":18},"end":{"line":31,"column":20}},"19":{"start":{"line":32,"column":20},"end":{"line":42,"column":5}},"20":{"start":{"line":44,"column":4},"end":{"line":48,"column":5}},"21":{"start":{"line":45,"column":6},"end":{"line":45,"column":32}},"22":{"start":{"line":46,"column":11},"end":{"line":48,"column":5}},"23":{"start":{"line":47,"column":6},"end":{"line":47,"column":47}},"24":{"start":{"line":51,"column":34},"end":{"line":58,"column":6}},"25":{"start":{"line":60,"column":23},"end":{"line":60,"column":46}},"26":{"start":{"line":62,"column":4},"end":{"line":75,"column":6}},"27":{"start":{"line":79,"column":0},"end":{"line":103,"column":1}},"28":{"start":{"line":82,"column":16},"end":{"line":87,"column":6}},"29":{"start":{"line":89,"column":4},"end":{"line":91,"column":5}},"30":{"start":{"line":90,"column":6},"end":{"line":90,"column":53}},"31":{"start":{"line":93,"column":20},"end":{"line":93,"column":57}},"32":{"start":{"line":94,"column":4},"end":{"line":96,"column":5}},"33":{"start":{"line":95,"column":6},"end":{"line":95,"column":53}},"34":{"start":{"line":98,"column":4},"end":{"line":101,"column":6}},"35":{"start":{"line":105,"column":0},"end":{"line":177,"column":1}},"36":{"start":{"line":116,"column":50},"end":{"line":116,"column":58}},"37":{"start":{"line":118,"column":4},"end":{"line":118,"column":80}},"38":{"start":{"line":120,"column":20},"end":{"line":120,"column":53}},"39":{"start":{"line":121,"column":4},"end":{"line":124,"column":5}},"40":{"start":{"line":122,"column":6},"end":{"line":122,"column":47}},"41":{"start":{"line":123,"column":6},"end":{"line":123,"column":59}},"42":{"start":{"line":126,"column":4},"end":{"line":126,"column":78}},"43":{"start":{"line":128,"column":4},"end":{"line":131,"column":5}},"44":{"start":{"line":129,"column":6},"end":{"line":129,"column":54}},"45":{"start":{"line":130,"column":6},"end":{"line":130,"column":65}},"46":{"start":{"line":133,"column":4},"end":{"line":136,"column":5}},"47":{"start":{"line":134,"column":6},"end":{"line":134,"column":56}},"48":{"start":{"line":135,"column":6},"end":{"line":135,"column":51}},"49":{"start":{"line":138,"column":24},"end":{"line":143,"column":6}},"50":{"start":{"line":145,"column":4},"end":{"line":148,"column":5}},"51":{"start":{"line":146,"column":6},"end":{"line":146,"column":72}},"52":{"start":{"line":147,"column":6},"end":{"line":147,"column":57}},"53":{"start":{"line":150,"column":4},"end":{"line":175,"column":5}},"54":{"start":{"line":151,"column":18},"end":{"line":159,"column":8}},"55":{"start":{"line":161,"column":6},"end":{"line":161,"column":45}},"56":{"start":{"line":163,"column":6},"end":{"line":163,"column":41}},"57":{"start":{"line":165,"column":6},"end":{"line":165,"column":36}},"58":{"start":{"line":167,"column":6},"end":{"line":171,"column":8}},"59":{"start":{"line":173,"column":6},"end":{"line":173,"column":50}},"60":{"start":{"line":174,"column":6},"end":{"line":174,"column":83}},"61":{"start":{"line":179,"column":0},"end":{"line":217,"column":1}},"62":{"start":{"line":189,"column":16},"end":{"line":189,"column":49}},"63":{"start":{"line":191,"column":4},"end":{"line":193,"column":5}},"64":{"start":{"line":192,"column":6},"end":{"line":192,"column":53}},"65":{"start":{"line":195,"column":4},"end":{"line":197,"column":5}},"66":{"start":{"line":196,"column":6},"end":{"line":196,"column":53}},"67":{"start":{"line":199,"column":4},"end":{"line":201,"column":5}},"68":{"start":{"line":200,"column":6},"end":{"line":200,"column":60}},"69":{"start":{"line":203,"column":39},"end":{"line":203,"column":47}},"70":{"start":{"line":205,"column":4},"end":{"line":209,"column":6}},"71":{"start":{"line":211,"column":4},"end":{"line":215,"column":6}},"72":{"start":{"line":219,"column":0},"end":{"line":244,"column":1}},"73":{"start":{"line":223,"column":16},"end":{"line":223,"column":49}},"74":{"start":{"line":225,"column":4},"end":{"line":227,"column":5}},"75":{"start":{"line":226,"column":6},"end":{"line":226,"column":53}},"76":{"start":{"line":229,"column":4},"end":{"line":231,"column":5}},"77":{"start":{"line":230,"column":6},"end":{"line":230,"column":53}},"78":{"start":{"line":233,"column":4},"end":{"line":235,"column":5}},"79":{"start":{"line":234,"column":6},"end":{"line":234,"column":60}},"80":{"start":{"line":237,"column":4},"end":{"line":237,"column":39}},"81":{"start":{"line":239,"column":4},"end":{"line":242,"column":6}},"82":{"start":{"line":246,"column":0},"end":{"line":357,"column":1}},"83":{"start":{"line":250,"column":16},"end":{"line":255,"column":6}},"84":{"start":{"line":257,"column":4},"end":{"line":259,"column":5}},"85":{"start":{"line":258,"column":6},"end":{"line":258,"column":53}},"86":{"start":{"line":261,"column":20},"end":{"line":261,"column":31}},"87":{"start":{"line":262,"column":4},"end":{"line":264,"column":5}},"88":{"start":{"line":263,"column":6},"end":{"line":263,"column":53}},"89":{"start":{"line":266,"column":4},"end":{"line":268,"column":5}},"90":{"start":{"line":267,"column":6},"end":{"line":267,"column":61}},"91":{"start":{"line":271,"column":22},"end":{"line":278,"column":6}},"92":{"start":{"line":281,"column":4},"end":{"line":281,"column":39}},"93":{"start":{"line":282,"column":4},"end":{"line":282,"column":43}},"94":{"start":{"line":285,"column":4},"end":{"line":294,"column":5}},"95":{"start":{"line":297,"column":4},"end":{"line":297,"column":77}},"96":{"start":{"line":298,"column":4},"end":{"line":298,"column":68}},"97":{"start":{"line":300,"column":4},"end":{"line":321,"column":5}},"98":{"start":{"line":301,"column":6},"end":{"line":301,"column":58}},"99":{"start":{"line":303,"column":6},"end":{"line":320,"column":7}},"100":{"start":{"line":304,"column":24},"end":{"line":316,"column":10}},"101":{"start":{"line":317,"column":8},"end":{"line":317,"column":80}},"102":{"start":{"line":319,"column":8},"end":{"line":319,"column":75}},"103":{"start":{"line":324,"column":4},"end":{"line":324,"column":62}},"104":{"start":{"line":325,"column":4},"end":{"line":349,"column":5}},"105":{"start":{"line":326,"column":6},"end":{"line":326,"column":77}},"106":{"start":{"line":327,"column":6},"end":{"line":330,"column":7}},"107":{"start":{"line":328,"column":8},"end":{"line":328,"column":64}},"108":{"start":{"line":329,"column":8},"end":{"line":329,"column":16}},"109":{"start":{"line":331,"column":6},"end":{"line":348,"column":7}},"110":{"start":{"line":332,"column":8},"end":{"line":344,"column":10}},"111":{"start":{"line":345,"column":8},"end":{"line":345,"column":63}},"112":{"start":{"line":347,"column":8},"end":{"line":347,"column":86}},"113":{"start":{"line":351,"column":4},"end":{"line":355,"column":6}},"114":{"start":{"line":359,"column":0},"end":{"line":427,"column":1}},"115":{"start":{"line":367,"column":16},"end":{"line":372,"column":6}},"116":{"start":{"line":374,"column":4},"end":{"line":376,"column":5}},"117":{"start":{"line":375,"column":6},"end":{"line":375,"column":53}},"118":{"start":{"line":378,"column":20},"end":{"line":378,"column":31}},"119":{"start":{"line":379,"column":4},"end":{"line":381,"column":5}},"120":{"start":{"line":380,"column":6},"end":{"line":380,"column":53}},"121":{"start":{"line":383,"column":4},"end":{"line":385,"column":5}},"122":{"start":{"line":384,"column":6},"end":{"line":384,"column":61}},"123":{"start":{"line":387,"column":23},"end":{"line":387,"column":31}},"124":{"start":{"line":389,"column":4},"end":{"line":392,"column":6}},"125":{"start":{"line":395,"column":4},"end":{"line":395,"column":77}},"126":{"start":{"line":396,"column":4},"end":{"line":396,"column":68}},"127":{"start":{"line":398,"column":4},"end":{"line":419,"column":5}},"128":{"start":{"line":399,"column":6},"end":{"line":399,"column":58}},"129":{"start":{"line":401,"column":6},"end":{"line":418,"column":7}},"130":{"start":{"line":402,"column":8},"end":{"line":414,"column":10}},"131":{"start":{"line":415,"column":8},"end":{"line":415,"column":58}},"132":{"start":{"line":417,"column":8},"end":{"line":417,"column":59}},"133":{"start":{"line":421,"column":4},"end":{"line":425,"column":6}},"134":{"start":{"line":429,"column":0},"end":{"line":455,"column":1}},"135":{"start":{"line":432,"column":20},"end":{"line":432,"column":64}},"136":{"start":{"line":434,"column":4},"end":{"line":436,"column":5}},"137":{"start":{"line":435,"column":6},"end":{"line":435,"column":59}},"138":{"start":{"line":438,"column":4},"end":{"line":440,"column":5}},"139":{"start":{"line":439,"column":6},"end":{"line":439,"column":56}},"140":{"start":{"line":442,"column":17},"end":{"line":448,"column":6}},"141":{"start":{"line":450,"column":4},"end":{"line":453,"column":6}},"142":{"start":{"line":457,"column":0},"end":{"line":457,"column":23}}},"fnMap":{"0":{"name":"(anonymous_0)","decl":{"start":{"line":11,"column":24},"end":{"line":11,"column":25}},"loc":{"start":{"line":11,"column":44},"end":{"line":17,"column":1}},"line":11},"1":{"name":"(anonymous_1)","decl":{"start":{"line":14,"column":42},"end":{"line":14,"column":43}},"loc":{"start":{"line":14,"column":47},"end":{"line":14,"column":52}},"line":14},"2":{"name":"(anonymous_2)","decl":{"start":{"line":26,"column":15},"end":{"line":26,"column":16}},"loc":{"start":{"line":26,"column":35},"end":{"line":76,"column":3}},"line":26},"3":{"name":"(anonymous_3)","decl":{"start":{"line":81,"column":15},"end":{"line":81,"column":16}},"loc":{"start":{"line":81,"column":35},"end":{"line":102,"column":3}},"line":81},"4":{"name":"(anonymous_4)","decl":{"start":{"line":115,"column":15},"end":{"line":115,"column":16}},"loc":{"start":{"line":115,"column":35},"end":{"line":176,"column":3}},"line":115},"5":{"name":"(anonymous_5)","decl":{"start":{"line":188,"column":15},"end":{"line":188,"column":16}},"loc":{"start":{"line":188,"column":35},"end":{"line":216,"column":3}},"line":188},"6":{"name":"(anonymous_6)","decl":{"start":{"line":222,"column":15},"end":{"line":222,"column":16}},"loc":{"start":{"line":222,"column":35},"end":{"line":243,"column":3}},"line":222},"7":{"name":"(anonymous_7)","decl":{"start":{"line":249,"column":15},"end":{"line":249,"column":16}},"loc":{"start":{"line":249,"column":35},"end":{"line":356,"column":3}},"line":249},"8":{"name":"(anonymous_8)","decl":{"start":{"line":366,"column":15},"end":{"line":366,"column":16}},"loc":{"start":{"line":366,"column":35},"end":{"line":426,"column":3}},"line":366},"9":{"name":"(anonymous_9)","decl":{"start":{"line":431,"column":15},"end":{"line":431,"column":16}},"loc":{"start":{"line":431,"column":35},"end":{"line":454,"column":3}},"line":431}},"branchMap":{"0":{"loc":{"start":{"line":13,"column":2},"end":{"line":15,"column":3}},"type":"if","locations":[{"start":{"line":13,"column":2},"end":{"line":15,"column":3}},{"start":{},"end":{}}],"line":13},"1":{"loc":{"start":{"line":27,"column":17},"end":{"line":27,"column":46}},"type":"binary-expr","locations":[{"start":{"line":27,"column":17},"end":{"line":27,"column":41}},{"start":{"line":27,"column":45},"end":{"line":27,"column":46}}],"line":27},"2":{"loc":{"start":{"line":28,"column":17},"end":{"line":28,"column":47}},"type":"binary-expr","locations":[{"start":{"line":28,"column":17},"end":{"line":28,"column":41}},{"start":{"line":28,"column":45},"end":{"line":28,"column":47}}],"line":28},"3":{"loc":{"start":{"line":44,"column":4},"end":{"line":48,"column":5}},"type":"if","locations":[{"start":{"line":44,"column":4},"end":{"line":48,"column":5}},{"start":{"line":46,"column":11},"end":{"line":48,"column":5}}],"line":44},"4":{"loc":{"start":{"line":46,"column":11},"end":{"line":48,"column":5}},"type":"if","locations":[{"start":{"line":46,"column":11},"end":{"line":48,"column":5}},{"start":{},"end":{}}],"line":46},"5":{"loc":{"start":{"line":89,"column":4},"end":{"line":91,"column":5}},"type":"if","locations":[{"start":{"line":89,"column":4},"end":{"line":91,"column":5}},{"start":{},"end":{}}],"line":89},"6":{"loc":{"start":{"line":94,"column":4},"end":{"line":96,"column":5}},"type":"if","locations":[{"start":{"line":94,"column":4},"end":{"line":96,"column":5}},{"start":{},"end":{}}],"line":94},"7":{"loc":{"start":{"line":94,"column":8},"end":{"line":94,"column":107}},"type":"binary-expr","locations":[{"start":{"line":94,"column":8},"end":{"line":94,"column":15}},{"start":{"line":94,"column":19},"end":{"line":94,"column":48}},{"start":{"line":94,"column":52},"end":{"line":94,"column":78}},{"start":{"line":94,"column":82},"end":{"line":94,"column":107}}],"line":94},"8":{"loc":{"start":{"line":121,"column":4},"end":{"line":124,"column":5}},"type":"if","locations":[{"start":{"line":121,"column":4},"end":{"line":124,"column":5}},{"start":{},"end":{}}],"line":121},"9":{"loc":{"start":{"line":128,"column":4},"end":{"line":131,"column":5}},"type":"if","locations":[{"start":{"line":128,"column":4},"end":{"line":131,"column":5}},{"start":{},"end":{}}],"line":128},"10":{"loc":{"start":{"line":133,"column":4},"end":{"line":136,"column":5}},"type":"if","locations":[{"start":{"line":133,"column":4},"end":{"line":136,"column":5}},{"start":{},"end":{}}],"line":133},"11":{"loc":{"start":{"line":133,"column":8},"end":{"line":133,"column":71}},"type":"binary-expr","locations":[{"start":{"line":133,"column":8},"end":{"line":133,"column":26}},{"start":{"line":133,"column":30},"end":{"line":133,"column":71}}],"line":133},"12":{"loc":{"start":{"line":145,"column":4},"end":{"line":148,"col
[...]
":55,"column":54},"end":{"line":55,"column":79}},"type":"binary-expr","locations":[{"start":{"line":55,"column":54},"end":{"line":55,"column":74}},{"start":{"line":55,"column":78},"end":{"line":55,"column":79}}],"line":55},"3":{"loc":{"start":{"line":185,"column":48},"end":{"line":185,"column":76}},"type":"binary-expr","locations":[{"start":{"line":185,"column":48},"end":{"line":185,"column":63}},{"start":{"line":185,"column":67},"end":{"line":185,"column":76}}],"line":185},"4":{"loc":{"start":{"line":224,"column":30},"end":{"line":224,"column":49}},"type":"binary-expr","locations":[{"start":{"line":224,"column":30},"end":{"line":224,"column":43}},{"start":{"line":224,"column":47},"end":{"line":224,"column":49}}],"line":224},"5":{"loc":{"start":{"line":225,"column":30},"end":{"line":225,"column":49}},"type":"binary-expr","locations":[{"start":{"line":225,"column":30},"end":{"line":225,"column":44}},{"start":{"line":225,"column":48},"end":{"line":225,"column":49}}],"line":225},"6":{"loc":{"start":{"line":227,"column":35},"end":{"line":227,"column":85}},"type":"cond-expr","locations":[{"start":{"line":227,"column":47},"end":{"line":227,"column":81}},{"start":{"line":227,"column":84},"end":{"line":227,"column":85}}],"line":227},"7":{"loc":{"start":{"line":258,"column":8},"end":{"line":260,"column":9}},"type":"if","locations":[{"start":{"line":258,"column":8},"end":{"line":260,"column":9}},{"start":{},"end":{}}],"line":258},"8":{"loc":{"start":{"line":349,"column":52},"end":{"line":349,"column":66}},"type":"binary-expr","locations":[{"start":{"line":349,"column":52},"end":{"line":349,"column":58}},{"start":{"line":349,"column":62},"end":{"line":349,"column":66}}],"line":349},"9":{"loc":{"start":{"line":407,"column":44},"end":{"line":407,"column":54}},"type":"default-arg","locations":[{"start":{"line":407,"column":52},"end":{"line":407,"column":54}}],"line":407},"10":{"loc":{"start":{"line":439,"column":26},"end":{"line":439,"column":56}},"type":"binary-expr","locations":[{"start":{"line":439,"column":26},"end":{"line":439,"column":32}},{"start":{"line":439,"column":36},"end":{"line":439,"column":46}},{"start":{"line":439,"column":50},"end":{"line":439,"column":56}}],"line":439},"11":{"loc":{"start":{"line":442,"column":42},"end":{"line":442,"column":77}},"type":"binary-expr","locations":[{"start":{"line":442,"column":42},"end":{"line":442,"column":67}},{"start":{"line":442,"column":71},"end":{"line":442,"column":77}}],"line":442},"12":{"loc":{"start":{"line":443,"column":52},"end":{"line":443,"column":82}},"type":"binary-expr","locations":[{"start":{"line":443,"column":52},"end":{"line":443,"column":77}},{"start":{"line":443,"column":81},"end":{"line":443,"column":82}}],"line":443},"13":{"loc":{"start":{"line":507,"column":33},"end":{"line":507,"column":51}},"type":"default-arg","locations":[{"start":{"line":507,"column":45},"end":{"line":507,"column":51}}],"line":507},"14":{"loc":{"start":{"line":536,"column":33},"end":{"line":536,"column":51}},"type":"default-arg","locations":[{"start":{"line":536,"column":45},"end":{"line":536,"column":51}}],"line":536},"15":{"loc":{"start":{"line":582,"column":24},"end":{"line":582,"column":93}},"type":"cond-expr","locations":[{"start":{"line":582,"column":42},"end":{"line":582,"column":89}},{"start":{"line":582,"column":92},"end":{"line":582,"column":93}}],"line":582},"16":{"loc":{"start":{"line":598,"column":12},"end":{"line":598,"column":37}},"type":"binary-expr","locations":[{"start":{"line":598,"column":12},"end":{"line":598,"column":27}},{"start":{"line":598,"column":31},"end":{"line":598,"column":37}}],"line":598},"17":{"loc":{"start":{"line":599,"column":12},"end":{"line":599,"column":36}},"type":"cond-expr","locations":[{"start":{"line":599,"column":24},"end":{"line":599,"column":29}},{"start":{"line":599,"column":32},"end":{"line":599,"column":36}}],"line":599},"18":{"loc":{"start":{"line":602,"column":14},"end":{"line":602,"column":91}},"type":"cond-expr","locations":[{"start":{"line":602,"column":35},"end":{"line":602,"column":44}},{"start":{"line":602,"column":47},"end":{"line":602,"column":91}}],"line":602},"19":{"loc":{"start":{"line":602,"column":47},"end":{"line":602,"column":91}},"type":"cond-expr","locations":[{"start":{"line":602,"column":68},"end":{"line":602,"column":76}},{"start":{"line":602,"column":79},"end":{"line":602,"column":91}}],"line":602},"20":{"loc":{"start":{"line":604,"column":16},"end":{"line":604,"column":66}},"type":"binary-expr","locations":[{"start":{"line":604,"column":16},"end":{"line":604,"column":32}},{"start":{"line":604,"column":36},"end":{"line":604,"column":56}},{"start":{"line":604,"column":60},"end":{"line":604,"column":66}}],"line":604},"21":{"loc":{"start":{"line":605,"column":13},"end":{"line":605,"column":57}},"type":"binary-expr","locations":[{"start":{"line":605,"column":13},"end":{"line":605,"column":26}},{"start":{"line":605,"column":30},"end":{"line":605,"column":47}},{"start":{"line":605,"column":51},"end":{"line":605,"column":57}}],"line":605},"22":{"loc":{"start":{"line":612,"column":33},"end":{"line":612,"column":49}},"type":"binary-expr","locations":[{"start":{"line":612,"column":33},"end":{"line":612,"column":44}},{"start":{"line":612,"column":48},"end":{"line":612,"column":49}}],"line":612},"23":{"loc":{"start":{"line":633,"column":4},"end":{"line":651,"column":5}},"type":"switch","locations":[{"start":{"line":634,"column":6},"end":{"line":636,"column":13}},{"start":{"line":637,"column":6},"end":{"line":639,"column":13}},{"start":{"line":640,"column":6},"end":{"line":642,"column":13}},{"start":{"line":643,"column":6},"end":{"line":645,"column":13}},{"start":{"line":646,"column":6},"end":{"line":648,"column":13}},{"start":{"line":649,"column":6},"end":{"line":650,"column":48}}],"line":633}},"s":{"0":1,"1":1,"2":0,"3":0,"4":0,"5":0,"6":0,"7":0,"8":0,"9":0,"10":0,"11":0,"12":0,"13":0,"14":0,"15":0,"16":0,"17":0,"18":0,"19":0,"20":0,"21":0,"22":0,"23":0,"24":0,"25":0,"26":0,"27":0,"28":0,"29":0,"30":0,"31":0,"32":0,"33":0,"34":0,"35":0,"36":0,"37":0,"38":0,"39":0,"40":0,"41":0,"42":0,"43":0,"44":0,"45":0,"46":0,"47":0,"48":0,"49":0,"50":0,"51":0,"52":0,"53":0,"54":0,"55":0,"56":0,"57":0,"58":0,"59":0,"60":0,"61":0,"62":0,"63":0,"64":0,"65":0,"66":0,"67":0,"68":0,"69":0,"70":0,"71":0,"72":0,"73":0,"74":0,"75":0,"76":0,"77":0,"78":0,"79":0,"80":0,"81":0,"82":0,"83":0,"84":0,"85":0,"86":0,"87":0,"88":0,"89":0,"90":0,"91":1},"f":{"0":0,"1":0,"2":0,"3":0,"4":0,"5":0,"6":0,"7":0,"8":0,"9":0,"10":0,"11":0,"12":0,"13":0,"14":0,"15":0,"16":0,"17":0,"18":0,"19":0,"20":0,"21":0,"22":0,"23":0,"24":0,"25":0},"b":{"0":[0],"1":[0,0,0,0],"2":[0,0],"3":[0,0],"4":[0,0],"5":[0,0],"6":[0,0],"7":[0,0],"8":[0,0],"9":[0],"10":[0,0,0],"11":[0,0],"12":[0,0],"13":[0],"14":[0],"15":[0,0],"16":[0,0],"17":[0,0],"18":[0,0],"19":[0,0],"20":[0,0,0],"21":[0,0,0],"22":[0,0],"23":[0,0,0,0,0,0]},"_coverageSchema":"1a1c01bbd47fc00a2c39e90264f33305004495a9","hash":"c8e05322b1d986c450e3aea6b1f1ad9803cd168c"}
,"D:\\trae\\test.github.io-master\\test.github.io-master\\server\\src\\utils\\dataLog.js": {"path":"D:\\trae\\test.github.io-master\\test.github.io-master\\server\\src\\utils\\dataLog.js","statementMap":{"0":{"start":{"line":1,"column":20},"end":{"line":1,"column":40}},"1":{"start":{"line":13,"column":6},"end":{"line":13,"column":13}},"2":{"start":{"line":15,"column":2},"end":{"line":30,"column":3}},"3":{"start":{"line":16,"column":4},"end":{"line":27,"column":6}},"4":{"start":{"line":29,"column":4},"end":{"line":29,"column":62}},"5":{"start":{"line":34,"column":18},"end":{"line":34,"column":20}},"6":{"start":{"line":35,"column":18},"end":{"line":35,"column":40}},"7":{"start":{"line":37,"column":2},"end":{"line":41,"column":3}},"8":{"start":{"line":38,"column":4},"end":{"line":40,"column":5}},"9":{"start":{"line":39,"column":6},"end":{"line":39,"column":49}},"10":{"start":{"line":43,"column":2},"end":{"line":43,"column":57}},"11":{"start":{"line":46,"column":0},"end":{"line":49,"column":1}}},"fnMap":{"0":{"name":"logDataChange","decl":{"start":{"line":3,"column":15},"end":{"line":3,"column":28}},"loc":{"start":{"line":3,"column":38},"end":{"line":31,"column":1}},"line":3},"1":{"name":"detectChanges","decl":{"start":{"line":33,"column":9},"end":{"line":33,"column":22}},"loc":{"start":{"line":33,"column":56},"end":{"line":44,"column":1}},"line":33}},"branchMap":{"0":{"loc":{"start":{"line":9,"column":4},"end":{"line":9,"column":18}},"type":"default-arg","locations":[{"start":{"line":9,"column":14},"end":{"line":9,"column":18}}],"line":9},"1":{"loc":{"start":{"line":10,"column":4},"end":{"line":10,"column":18}},"type":"default-arg","locations":[{"start":{"line":10,"column":14},"end":{"line":10,"column":18}}],"line":10},"2":{"loc":{"start":{"line":11,"column":4},"end":{"line":11,"column":18}},"type":"default-arg","locations":[{"start":{"line":11,"column":14},"end":{"line":11,"column":18}}],"line":11},"3":{"loc":{"start":{"line":12,"column":4},"end":{"line":12,"column":14}},"type":"default-arg","locations":[{"start":{"line":12,"column":10},"end":{"line":12,"column":14}}],"line":12},"4":{"loc":{"start":{"line":24,"column":17},"end":{"line":24,"column":71}},"type":"cond-expr","locations":[{"start":{"line":24,"column":24},"end":{"line":24,"column":63}},{"start":{"line":24,"column":67},"end":{"line":24,"column":71}}],"line":24},"5":{"loc":{"start":{"line":24,"column":24},"end":{"line":24,"column":63}},"type":"binary-expr","locations":[{"start":{"line":24,"column":24},"end":{"line":24,"column":30}},{"start":{"line":24,"column":34},"end":{"line":24,"column":63}}],"line":24},"6":{"loc":{"start":{"line":25,"column":17},"end":{"line":25,"column":84}},"type":"cond-expr","locations":[{"start":{"line":25,"column":24},"end":{"line":25,"column":76}},{"start":{"line":25,"column":80},"end":{"line":25,"column":84}}],"line":25},"7":{"loc":{"start":{"line":25,"column":24},"end":{"line":25,"column":76}},"type":"binary-expr","locations":[{"start":{"line":25,"column":24},"end":{"line":25,"column":45}},{"start":{"line":25,"column":49},"end":{"line":25,"column":76}}],"line":25},"8":{"loc":{"start":{"line":26,"column":17},"end":{"line":26,"column":43}},"type":"cond-expr","locations":[{"start":{"line":26,"column":23},"end":{"line":26,"column":36}},{"start":{"line":26,"column":39},"end":{"line":26,"column":43}}],"line":26},"9":{"loc":{"start":{"line":38,"column":4},"end":{"line":40,"column":5}},"type":"if","locations":[{"start":{"line":38,"column":4},"end":{"line":40,"column":5}},{"start":{},"end":{}}],"line":38},"10":{"loc":{"start":{"line":38,"column":8},"end":{"line":38,"column":57}},"type":"binary-expr","locations":[{"start":{"line":38,"column":8},"end":{"line":38,"column":24}},{"start":{"line":38,"column":28},"end":{"line":38,"column":57}}],"line":38},"11":{"loc":{"start":{"line":43,"column":9},"end":{"line":43,"column":57}},"type":"cond-expr","locations":[{"start":{"line":43,"column":43},"end":{"line":43,"column":50}},{"start":{"line":43,"column":53},"end":{"line":43,"column":57}}],"line":43}},"s":{"0":1,"1":0,"2":0,"3":0,"4":0,"5":0,"6":0,"7":0,"8":0,"9":0,"10":0,"11":1},"f":{"0":0,"1":0},"b":{"0":[0],"1":[0],"2":[0],"3":[0],"4":[0,0],"5":[0,0],"6":[0,0],"7":[0,0],"8":[0,0],"9":[0,0],"10":[0,0],"11":[0,0]},"_coverageSchema":"1a1c01bbd47fc00a2c39e90264f33305004495a9","hash":"fe5a785fb409dae8e13c8e13c1c5591b1fb359f9"}
,"D:\\trae\\test.github.io-master\\test.github.io-master\\server\\src\\utils\\helpers.js": {"path":"D:\\trae\\test.github.io-master\\test.github.io-master\\server\\src\\utils\\helpers.js","statementMap":{"0":{"start":{"line":1,"column":15},"end":{"line":1,"column":34}},"1":{"start":{"line":2,"column":15},"end":{"line":2,"column":32}},"2":{"start":{"line":4,"column":20},"end":{"line":4,"column":22}},"3":{"start":{"line":5,"column":20},"end":{"line":5,"column":22}},"4":{"start":{"line":7,"column":21},"end":{"line":11,"column":1}},"5":{"start":{"line":8,"column":15},"end":{"line":8,"column":48}},"6":{"start":{"line":9,"column":15},"end":{"line":9,"column":48}},"7":{"start":{"line":10,"column":2},"end":{"line":10,"column":13}},"8":{"start":{"line":13,"column":23},"end":{"line":15,"column":1}},"9":{"start":{"line":14,"column":2},"end":{"line":14,"column":39}},"10":{"start":{"line":17,"column":21},"end":{"line":19,"column":1}},"11":{"start":{"line":18,"column":2},"end":{"line":18,"column":56}},"12":{"start":{"line":21,"column":19},"end":{"line":23,"column":1}},"13":{"start":{"line":22,"column":2},"end":{"line":22,"column":63}},"14":{"start":{"line":25,"column":22},"end":{"line":27,"column":1}},"15":{"start":{"line":26,"column":2},"end":{"line":26,"column":47}},"16":{"start":{"line":29,"column":33},"end":{"line":56,"column":1}},"17":{"start":{"line":30,"column":17},"end":{"line":30,"column":19}},"18":{"start":{"line":32,"column":2},"end":{"line":34,"column":3}},"19":{"start":{"line":33,"column":4},"end":{"line":33,"column":28}},"20":{"start":{"line":36,"column":2},"end":{"line":38,"column":3}},"21":{"start":{"line":37,"column":4},"end":{"line":37,"column":29}},"22":{"start":{"line":40,"column":2},"end":{"line":42,"column":3}},"23":{"start":{"line":41,"column":4},"end":{"line":41,"column":29}},"24":{"start":{"line":44,"column":2},"end":{"line":46,"column":3}},"25":{"start":{"line":45,"column":4},"end":{"line":45,"column":27}},"26":{"start":{"line":48,"column":2},"end":{"line":50,"column":3}},"27":{"start":{"line":49,"column":4},"end":{"line":49,"column":29}},"28":{"start":{"line":52,"column":2},"end":{"line":55,"column":3}},"29":{"start":{"line":58,"column":22},"end":{"line":63,"column":1}},"30":{"start":{"line":59,"column":2},"end":{"line":59,"column":45}},"31":{"start":{"line":59,"column":33},"end":{"line":59,"column":45}},"32":{"start":{"line":60,"column":2},"end":{"line":62,"column":11}},"33":{"start":{"line":65,"column":0},"end":{"line":75,"column":1}}},"fnMap":{"0":{"name":"(anonymous_0)","decl":{"start":{"line":7,"column":21},"end":{"line":7,"column":22}},"loc":{"start":{"line":7,"column":41},"end":{"line":11,"column":1}},"line":7},"1":{"name":"(anonymous_1)","decl":{"start":{"line":13,"column":23},"end":{"line":13,"column":24}},"loc":{"start":{"line":13,"column":49},"end":{"line":15,"column":1}},"line":13},"2":{"name":"(anonymous_2)","decl":{"start":{"line":17,"column":21},"end":{"line":17,"column":22}},"loc":{"start":{"line":17,"column":27},"end":{"line":19,"column":1}},"line":17},"3":{"name":"(anonymous_3)","decl":{"start":{"line":21,"column":19},"end":{"line":21,"column":20}},"loc":{"start":{"line":21,"column":29},"end":{"line":23,"column":1}},"line":21},"4":{"name":"(anonymous_4)","decl":{"start":{"line":25,"column":22},"end":{"line":25,"column":23}},"loc":{"start":{"line":25,"column":28},"end":{"line":27,"column":1}},"line":25},"5":{"name":"(anonymous_5)","decl":{"start":{"line":29,"column":33},"end":{"line":29,"column":34}},"loc":{"start":{"line":29,"column":47},"end":{"line":56,"column":1}},"line":29},"6":{"name":"(anonymous_6)","decl":{"start":{"line":58,"column":22},"end":{"line":58,"column":23}},"loc":{"start":{"line":58,"column":33},"end":{"line":63,"column":1}},"line":58}},"branchMap":{"0":{"loc":{"start":{"line":32,"column":2},"end":{"line":34,"column":3}},"type":"if","locations":[{"start":{"line":32,"column":2},"end":{"line":34,"column":3}},{"start":{},"end":{}}],"line":32},"1":{"loc":{"start":{"line":36,"column":2},"end":{"line":38,"column":3}},"type":"if","locations":[{"start":{"line":36,"column":2},"end":{"line":38,"column":3}},{"start":{},"end":{}}],"line":36},"2":{"loc":{"start":{"line":40,"column":2},"end":{"line":42,"column":3}},"type":"if","locations":[{"start":{"line":40,"column":2},"end":{"line":42,"column":3}},{"start":{},"end":{}}],"line":40},"3":{"loc":{"start":{"line":44,"column":2},"end":{"line":46,"column":3}},"type":"if","locations":[{"start":{"line":44,"column":2},"end":{"line":46,"column":3}},{"start":{},"end":{}}],"line":44},"4":{"loc":{"start":{"line":48,"column":2},"end":{"line":50,"column":3}},"type":"if","locations":[{"start":{"line":48,"column":2},"end":{"line":50,"column":3}},{"start":{},"end":{}}],"line":48},"5":{"loc":{"start":{"line":59,"column":2},"end":{"line":59,"column":45}},"type":"if","locations":[{"start":{"line":59,"column":2},"end":{"line":59,"column":45}},{"start":{},"end":{}}],"line":59}},"s":{"0":1,"1":1,"2":1,"3":1,"4":1,"5":2,"6":2,"7":2,"8":1,"9":0,"10":1,"11":0,"12":1,"13":0,"14":1,"15":0,"16":1,"17":2,"18":2,"19":0,"20":2,"21":0,"22":2,"23":0,"24":2,"25":0,"26":2,"27":0,"28":2,"29":1,"30":10,"31":0,"32":10,"33":1},"f":{"0":2,"1":0,"2":0,"3":0,"4":0,"5":2,"6":10},"b":{"0":[0,2],"1":[0,2],"2":[0,2],"3":[0,2],"4":[0,2],"5":[0,10]},"_coverageSchema":"1a1c01bbd47fc00a2c39e90264f33305004495a9","hash":"0a88fb0f79e8346529c7c9ed39bd74f471fc7e16"}
,"D:\\trae\\test.github.io-master\\test.github.io-master\\server\\src\\utils\\logger.js": {"path":"D:\\trae\\test.github.io-master\\test.github.io-master\\server\\src\\utils\\logger.js","statementMap":{"0":{"start":{"line":1,"column":16},"end":{"line":1,"column":34}},"1":{"start":{"line":2,"column":13},"end":{"line":2,"column":28}},"2":{"start":{"line":3,"column":11},"end":{"line":3,"column":24}},"3":{"start":{"line":5,"column":15},"end":{"line":5,"column":47}},"4":{"start":{"line":7,"column":0},"end":{"line":9,"column":1}},"5":{"start":{"line":8,"column":2},"end":{"line":8,"column":43}},"6":{"start":{"line":11,"column":18},"end":{"line":21,"column":1}},"7":{"start":{"line":15,"column":14},"end":{"line":15,"column":65}},"8":{"start":{"line":16,"column":4},"end":{"line":16,"column":54}},"9":{"start":{"line":16,"column":19},"end":{"line":16,"column":54}},"10":{"start":{"line":17,"column":4},"end":{"line":17,"column":71}},"11":{"start":{"line":17,"column":38},"end":{"line":17,"column":71}},"12":{"start":{"line":18,"column":4},"end":{"line":18,"column":34}},"13":{"start":{"line":18,"column":15},"end":{"line":18,"column":34}},"14":{"start":{"line":19,"column":4},"end":{"line":19,"column":14}},"15":{"start":{"line":23,"column":15},"end":{"line":45,"column":2}},"16":{"start":{"line":47,"column":0},"end":{"line":54,"column":1}},"17":{"start":{"line":48,"column":2},"end":{"line":53,"column":5}},"18":{"start":{"line":56,"column":0},"end":{"line":56,"column":27}}},"fnMap":{"0":{"name":"(anonymous_0)","decl":{"start":{"line":14,"column":24},"end":{"line":14,"column":25}},"loc":{"start":{"line":14,"column":86},"end":{"line":20,"column":3}},"line":14}},"branchMap":{"0":{"loc":{"start":{"line":7,"column":0},"end":{"line":9,"column":1}},"type":"if","locations":[{"start":{"line":7,"column":0},"end":{"line":9,"column":1}},{"start":{},"end":{}}],"line":7},"1":{"loc":{"start":{"line":16,"column":4},"end":{"line":16,"column":54}},"type":"if","locations":[{"start":{"line":16,"column":4},"end":{"line":16,"column":54}},{"start":{},"end":{}}],"line":16},"2":{"loc":{"start":{"line":17,"column":4},"end":{"line":17,"column":71}},"type":"if","locations":[{"start":{"line":17,"column":4},"end":{"line":17,"column":71}},{"start":{},"end":{}}],"line":17},"3":{"loc":{"start":{"line":18,"column":4},"end":{"line":18,"column":34}},"type":"if","locations":[{"start":{"line":18,"column":4},"end":{"line":18,"column":34}},{"start":{},"end":{}}],"line":18},"4":{"loc":{"start":{"line":24,"column":9},"end":{"line":24,"column":40}},"type":"binary-expr","locations":[{"start":{"line":24,"column":9},"end":{"line":24,"column":30}},{"start":{"line":24,"column":34},"end":{"line":24,"column":40}}],"line":24},"5":{"loc":{"start":{"line":47,"column":0},"end":{"line":54,"column":1}},"type":"if","locations":[{"start":{"line":47,"column":0},"end":{"line":54,"column":1}},{"start":{},"end":{}}],"line":47}},"s":{"0":1,"1":1,"2":1,"3":1,"4":1,"5":0,"6":1,"7":16,"8":16,"9":16,"10":16,"11":16,"12":16,"13":6,"14":16,"15":1,"16":1,"17":1,"18":1},"f":{"0":16},"b":{"0":[0,1],"1":[16,0],"2":[16,0],"3":[6,10],"4":[1,0],"5":[1,0]},"_coverageSchema":"1a1c01bbd47fc00a2c39e90264f33305004495a9","hash":"ce0fe856568691a2d8e3081f5307a6fea244f18a"}
}
