TN:
SF:src\config\database.js
FN:52,testConnection
FN:84,syncDatabase
FNF:2
FNH:0
FNDA:0,testConnection
FNDA:0,syncDatabase
DA:1,1
DA:2,1
DA:4,1
DA:5,1
DA:9,1
DA:10,0
DA:38,1
DA:39,1
DA:53,0
DA:63,0
DA:65,0
DA:66,0
DA:69,0
DA:70,0
DA:72,0
DA:73,0
DA:74,0
DA:81,0
DA:85,0
DA:90,0
DA:93,1
LF:21
LH:8
BRDA:5,0,0,1
BRDA:5,0,1,0
BRDA:5,1,0,0
BRDA:5,1,1,0
BRDA:9,2,0,0
BRDA:9,2,1,1
BRDA:11,3,0,0
BRDA:11,3,1,0
BRDA:12,4,0,0
BRDA:12,4,1,0
BRDA:13,5,0,0
BRDA:13,5,1,0
BRDA:15,6,0,0
BRDA:15,6,1,0
BRDA:16,7,0,0
BRDA:16,7,1,0
BRDA:18,8,0,0
BRDA:18,8,1,0
BRDA:42,9,0,0
BRDA:42,9,1,1
BRDA:55,10,0,0
BRDA:55,10,1,0
BRDA:55,11,0,0
BRDA:55,11,1,0
BRDA:56,12,0,0
BRDA:56,12,1,0
BRDA:56,13,0,0
BRDA:56,13,1,0
BRDA:57,14,0,0
BRDA:57,14,1,0
BRDA:57,15,0,0
BRDA:57,15,1,0
BRDA:77,16,0,0
BRDA:77,16,1,0
BRF:34
BRH:3
end_of_record
TN:
SF:src\middleware\auth.js
FN:9,(anonymous_0)
FN:23,(anonymous_1)
FN:31,(anonymous_2)
FN:68,(anonymous_3)
FN:69,(anonymous_4)
FN:82,(anonymous_5)
FN:83,(anonymous_6)
FN:96,(anonymous_7)
FN:108,(anonymous_8)
FNF:9
FNH:6
FNDA:2,(anonymous_0)
FNDA:3,(anonymous_1)
FNDA:3,(anonymous_2)
FNDA:3,(anonymous_3)
FNDA:0,(anonymous_4)
FNDA:40,(anonymous_5)
FNDA:3,(anonymous_6)
FNDA:0,(anonymous_7)
FNDA:0,(anonymous_8)
DA:1,1
DA:2,1
DA:3,1
DA:5,1
DA:6,1
DA:7,1
DA:9,1
DA:10,2
DA:11,2
DA:23,1
DA:24,3
DA:25,3
DA:27,0
DA:31,1
DA:32,3
DA:33,3
DA:35,3
DA:36,0
DA:39,3
DA:40,3
DA:42,3
DA:46,3
DA:47,0
DA:50,3
DA:51,0
DA:54,3
DA:55,3
DA:56,3
DA:58,0
DA:59,0
DA:61,0
DA:62,0
DA:64,0
DA:68,1
DA:69,3
DA:70,0
DA:71,0
DA:74,0
DA:75,0
DA:78,0
DA:82,1
DA:83,40
DA:84,3
DA:85,0
DA:88,3
DA:89,1
DA:92,2
DA:96,1
DA:97,0
DA:98,0
DA:101,0
DA:102,0
DA:105,0
DA:108,1
DA:109,0
DA:110,0
DA:111,0
DA:113,0
DA:114,0
DA:117,0
DA:118,0
DA:119,0
DA:121,0
DA:122,0
DA:125,0
DA:130,0
DA:131,0
DA:134,0
DA:137,1
LF:69
LH:35
BRDA:5,0,0,1
BRDA:5,0,1,0
BRDA:6,1,0,1
BRDA:6,1,1,0
BRDA:7,2,0,1
BRDA:7,2,1,0
BRDA:9,3,0,2
BRDA:10,4,0,2
BRDA:10,4,1,0
BRDA:35,5,0,0
BRDA:35,5,1,3
BRDA:35,6,0,3
BRDA:35,6,1,3
BRDA:46,7,0,0
BRDA:46,7,1,3
BRDA:50,8,0,0
BRDA:50,8,1,3
BRDA:58,9,0,0
BRDA:58,9,1,0
BRDA:61,10,0,0
BRDA:61,10,1,0
BRDA:70,11,0,0
BRDA:70,11,1,0
BRDA:74,12,0,0
BRDA:74,12,1,0
BRDA:84,13,0,0
BRDA:84,13,1,3
BRDA:88,14,0,1
BRDA:88,14,1,2
BRDA:97,15,0,0
BRDA:97,15,1,0
BRDA:101,16,0,0
BRDA:101,16,1,0
BRDA:113,17,0,0
BRDA:113,17,1,0
BRDA:113,18,0,0
BRDA:113,18,1,0
BRDA:113,18,2,0
BRDA:121,19,0,0
BRDA:121,19,1,0
BRDA:126,20,0,0
BRDA:126,20,1,0
BRDA:130,21,0,0
BRDA:130,21,1,0
BRF:44
BRH:13
end_of_record
TN:
SF:src\middleware\errorHandler.js
FN:4,(anonymous_0)
FN:13,(anonymous_1)
FN:19,(anonymous_2)
FN:65,(anonymous_3)
FN:65,(anonymous_4)
FNF:5
FNH:4
FNDA:3,(anonymous_0)
FNDA:3,(anonymous_1)
FNDA:0,(anonymous_2)
FNDA:93,(anonymous_3)
FNDA:4,(anonymous_4)
DA:1,1
DA:5,3
DA:6,3
DA:7,3
DA:8,3
DA:9,3
DA:13,1
DA:14,3
DA:15,3
DA:16,3
DA:18,3
DA:19,0
DA:20,0
DA:23,3
DA:24,0
DA:25,0
DA:28,3
DA:29,2
DA:32,3
DA:33,0
DA:36,3
DA:37,0
DA:40,3
DA:41,3
DA:50,3
DA:51,0
DA:54,3
DA:62,3
DA:65,93
DA:66,4
DA:69,1
LF:31
LH:24
BRDA:18,0,0,0
BRDA:18,0,1,3
BRDA:23,1,0,0
BRDA:23,1,1,3
BRDA:28,2,0,2
BRDA:28,2,1,1
BRDA:32,3,0,0
BRDA:32,3,1,3
BRDA:36,4,0,0
BRDA:36,4,1,3
BRDA:40,5,0,3
BRDA:40,5,1,0
BRDA:44,6,0,3
BRDA:44,6,1,0
BRDA:45,7,0,3
BRDA:45,7,1,0
BRDA:50,8,0,0
BRDA:50,8,1,3
BRF:18
BRH:10
end_of_record
TN:
SF:src\middleware\logger.js
FN:3,(anonymous_0)
FN:6,(anonymous_1)
FNF:2
FNH:2
FNDA:5,(anonymous_0)
FNDA:5,(anonymous_1)
DA:1,1
DA:3,1
DA:4,5
DA:6,5
DA:7,5
DA:8,5
DA:10,5
DA:22,5
DA:25,1
LF:9
LH:9
BRDA:8,0,0,3
BRDA:8,0,1,2
BRF:2
BRH:2
end_of_record
TN:
SF:src\models\bid.js
FNF:0
FNH:0
DA:1,1
DA:2,1
DA:4,1
DA:66,1
LF:4
LH:4
BRF:0
BRH:0
end_of_record
TN:
SF:src\models\cart.js
FNF:0
FNH:0
DA:1,1
DA:2,1
DA:4,1
DA:60,1
LF:4
LH:4
BRF:0
BRH:0
end_of_record
TN:
SF:src\models\dataLog.js
FNF:0
FNH:0
DA:1,1
DA:2,1
DA:4,1
DA:72,1
LF:4
LH:4
BRF:0
BRH:0
end_of_record
TN:
SF:src\models\index.js
FNF:0
FNH:0
DA:1,1
DA:2,1
DA:3,1
DA:4,1
DA:5,1
DA:6,1
DA:7,1
DA:8,1
DA:9,1
DA:10,1
DA:11,1
DA:12,1
DA:14,1
DA:15,1
DA:17,1
DA:18,1
DA:20,1
DA:21,1
DA:22,1
DA:23,1
DA:25,1
DA:26,1
DA:28,1
DA:29,1
DA:31,1
DA:32,1
DA:34,1
DA:35,1
DA:37,1
DA:38,1
DA:40,1
DA:41,1
DA:43,1
DA:44,1
DA:45,1
DA:46,1
DA:49,1
DA:50,1
DA:51,1
DA:52,1
DA:55,1
DA:56,1
DA:57,1
DA:60,1
DA:61,1
DA:62,1
DA:63,1
DA:65,1
LF:48
LH:48
BRF:0
BRH:0
end_of_record
TN:
SF:src\models\message.js
FNF:0
FNH:0
DA:1,1
DA:2,1
DA:4,1
DA:86,1
LF:4
LH:4
BRF:0
BRH:0
end_of_record
TN:
SF:src\models\order.js
FNF:0
FNH:0
DA:1,1
DA:2,1
DA:4,1
DA:109,1
LF:4
LH:4
BRF:0
BRH:0
end_of_record
TN:
SF:src\models\product.js
FNF:0
FNH:0
DA:1,1
DA:2,1
DA:4,1
DA:82,1
LF:4
LH:4
BRF:0
BRH:0
end_of_record
TN:
SF:src\models\productUpdateRequest.js
FNF:0
FNH:0
DA:1,1
DA:2,1
DA:4,1
DA:70,1
LF:4
LH:4
BRF:0
BRH:0
end_of_record
TN:
SF:src\models\project.js
FNF:0
FNH:0
DA:1,1
DA:2,1
DA:4,1
DA:95,1
LF:4
LH:4
BRF:0
BRH:0
end_of_record
TN:
SF:src\models\projectApplication.js
FNF:0
FNH:0
DA:1,1
DA:2,1
DA:4,1
DA:78,1
LF:4
LH:4
BRF:0
BRH:0
end_of_record
TN:
SF:src\models\user.js
FN:110,(anonymous_0)
FN:114,(anonymous_1)
FN:120,(anonymous_2)
FN:126,(anonymous_3)
FNF:4
FNH:2
FNDA:2,(anonymous_0)
FNDA:0,(anonymous_1)
FNDA:2,(anonymous_2)
FNDA:0,(anonymous_3)
DA:1,1
DA:2,1
DA:3,1
DA:5,1
DA:110,1
DA:111,2
DA:114,1
DA:115,0
DA:116,0
DA:120,1
DA:121,2
DA:122,2
DA:123,2
DA:126,1
DA:127,0
DA:128,0
DA:131,1
LF:17
LH:13
BRDA:115,0,0,0
BRDA:115,0,1,0
BRF:2
BRH:0
end_of_record
TN:
SF:src\models\userUpdateRequest.js
FNF:0
FNH:0
DA:1,1
DA:2,1
DA:4,1
DA:70,1
LF:4
LH:4
BRF:0
BRH:0
end_of_record
TN:
SF:src\routes\adminMessages.js
FN:15,(anonymous_0)
FN:18,(anonymous_1)
FN:26,(anonymous_2)
FN:99,(anonymous_3)
FN:128,(anonymous_4)
FN:155,(anonymous_5)
FN:184,(anonymous_6)
FN:211,(anonymous_7)
FN:238,(anonymous_8)
FN:267,(anonymous_9)
FN:292,(anonymous_10)
FNF:11
FNH:0
FNDA:0,(anonymous_0)
FNDA:0,(anonymous_1)
FNDA:0,(anonymous_2)
FNDA:0,(anonymous_3)
FNDA:0,(anonymous_4)
FNDA:0,(anonymous_5)
FNDA:0,(anonymous_6)
FNDA:0,(anonymous_7)
FNDA:0,(anonymous_8)
FNDA:0,(anonymous_9)
FNDA:0,(anonymous_10)
DA:5,1
DA:6,1
DA:7,1
DA:8,1
DA:9,1
DA:10,1
DA:11,1
DA:13,1
DA:15,1
DA:16,0
DA:17,0
DA:18,0
DA:20,0
DA:24,1
DA:27,0
DA:28,0
DA:30,0
DA:37,0
DA:39,0
DA:62,0
DA:63,0
DA:66,0
DA:67,0
DA:70,0
DA:72,0
DA:79,0
DA:80,0
DA:81,0
DA:84,0
DA:97,1
DA:100,0
DA:108,0
DA:109,0
DA:110,0
DA:111,0
DA:113,0
DA:116,0
DA:118,0
DA:126,1
DA:129,0
DA:139,0
DA:140,0
DA:143,0
DA:145,0
DA:153,1
DA:156,0
DA:164,0
DA:165,0
DA:166,0
DA:167,0
DA:169,0
DA:172,0
DA:174,0
DA:182,1
DA:185,0
DA:192,0
DA:193,0
DA:196,0
DA:198,0
DA:208,1
DA:212,0
DA:214,0
DA:226,0
DA:235,1
DA:239,0
DA:240,0
DA:242,0
DA:251,0
DA:264,1
DA:268,0
DA:275,0
DA:276,0
DA:279,0
DA:281,0
DA:289,1
DA:293,0
DA:295,0
DA:296,0
DA:307,0
DA:308,0
DA:314,0
DA:315,0
DA:329,0
DA:336,1
LF:84
LH:19
BRDA:17,0,0,0
BRDA:17,0,1,0
BRDA:27,1,0,0
BRDA:27,2,0,0
BRDA:46,3,0,0
BRDA:46,3,1,0
BRDA:51,4,0,0
BRDA:51,4,1,0
BRDA:57,5,0,0
BRDA:57,5,1,0
BRDA:62,6,0,0
BRDA:62,6,1,0
BRDA:66,7,0,0
BRDA:66,7,1,0
BRDA:80,8,0,0
BRDA:80,8,1,0
BRDA:108,9,0,0
BRDA:108,9,1,0
BRDA:110,10,0,0
BRDA:110,10,1,0
BRDA:139,11,0,0
BRDA:139,11,1,0
BRDA:164,12,0,0
BRDA:164,12,1,0
BRDA:166,13,0,0
BRDA:166,13,1,0
BRDA:192,14,0,0
BRDA:192,14,1,0
BRDA:212,15,0,0
BRDA:216,16,0,0
BRDA:216,16,1,0
BRDA:217,17,0,0
BRDA:217,17,1,0
BRDA:219,18,0,0
BRDA:219,18,1,0
BRDA:219,19,0,0
BRDA:219,19,1,0
BRDA:239,20,0,0
BRDA:239,21,0,0
BRDA:275,22,0,0
BRDA:275,22,1,0
BRDA:293,23,0,0
BRDA:295,24,0,0
BRDA:295,24,1,0
BRDA:295,25,0,0
BRDA:295,25,1,0
BRDA:299,26,0,0
BRDA:299,26,1,0
BRDA:307,27,0,0
BRDA:307,27,1,0
BRDA:307,28,0,0
BRDA:307,28,1,0
BRDA:318,29,0,0
BRDA:318,29,1,0
BRDA:319,30,0,0
BRDA:319,30,1,0
BRDA:321,31,0,0
BRDA:321,31,1,0
BRF:58
BRH:0
end_of_record
TN:
SF:src\routes\auth.js
FN:12,(anonymous_0)
FN:15,(anonymous_1)
FN:38,(anonymous_2)
FN:50,(anonymous_3)
FN:98,(anonymous_4)
FN:151,(anonymous_5)
FN:166,(anonymous_6)
FN:179,(anonymous_7)
FN:201,(anonymous_8)
FNF:9
FNH:3
FNDA:2,(anonymous_0)
FNDA:0,(anonymous_1)
FNDA:2,(anonymous_2)
FNDA:2,(anonymous_3)
FNDA:0,(anonymous_4)
FNDA:0,(anonymous_5)
FNDA:0,(anonymous_6)
FNDA:0,(anonymous_7)
FNDA:0,(anonymous_8)
DA:1,1
DA:2,1
DA:3,1
DA:4,1
DA:5,1
DA:6,1
DA:7,1
DA:8,1
DA:10,1
DA:12,1
DA:13,2
DA:14,2
DA:15,0
DA:17,2
DA:20,1
DA:39,2
DA:40,2
DA:41,0
DA:43,2
DA:51,2
DA:53,2
DA:54,2
DA:56,2
DA:65,2
DA:66,0
DA:69,2
DA:78,2
DA:80,2
DA:91,1
DA:99,0
DA:101,0
DA:103,0
DA:107,0
DA:108,0
DA:111,0
DA:112,0
DA:115,0
DA:116,0
DA:117,0
DA:119,0
DA:120,0
DA:123,0
DA:125,0
DA:126,0
DA:129,0
DA:134,0
DA:136,0
DA:149,1
DA:152,0
DA:153,0
DA:164,1
DA:167,0
DA:174,1
DA:180,0
DA:182,0
DA:184,0
DA:185,0
DA:189,0
DA:192,0
DA:199,1
DA:202,0
DA:211,1
LF:62
LH:31
BRDA:14,0,0,0
BRDA:14,0,1,2
BRDA:40,1,0,0
BRDA:40,1,1,2
BRDA:65,2,0,0
BRDA:65,2,1,2
BRDA:75,3,0,2
BRDA:75,3,1,0
BRDA:107,4,0,0
BRDA:107,4,1,0
BRDA:111,5,0,0
BRDA:111,5,1,0
BRDA:115,6,0,0
BRDA:115,6,1,0
BRDA:116,7,0,0
BRDA:116,7,1,0
BRDA:116,8,0,0
BRDA:116,8,1,0
BRDA:119,9,0,0
BRDA:119,9,1,0
BRDA:125,10,0,0
BRDA:125,10,1,0
BRDA:184,11,0,0
BRDA:184,11,1,0
BRF:24
BRH:4
end_of_record
TN:
SF:src\routes\bid.js
FN:11,(anonymous_0)
FN:14,(anonymous_1)
FN:26,(anonymous_2)
FN:81,(anonymous_3)
FN:115,(anonymous_4)
FN:188,(anonymous_5)
FN:222,(anonymous_6)
FN:249,(anonymous_7)
FN:366,(anonymous_8)
FN:431,(anonymous_9)
FNF:10
FNH:0
FNDA:0,(anonymous_0)
FNDA:0,(anonymous_1)
FNDA:0,(anonymous_2)
FNDA:0,(anonymous_3)
FNDA:0,(anonymous_4)
FNDA:0,(anonymous_5)
FNDA:0,(anonymous_6)
FNDA:0,(anonymous_7)
FNDA:0,(anonymous_8)
FNDA:0,(anonymous_9)
DA:1,1
DA:2,1
DA:3,1
DA:4,1
DA:5,1
DA:6,1
DA:7,1
DA:9,1
DA:11,1
DA:12,0
DA:13,0
DA:14,0
DA:16,0
DA:19,1
DA:27,0
DA:28,0
DA:29,0
DA:31,0
DA:32,0
DA:44,0
DA:45,0
DA:46,0
DA:47,0
DA:51,0
DA:60,0
DA:62,0
DA:79,1
DA:82,0
DA:89,0
DA:90,0
DA:93,0
DA:94,0
DA:95,0
DA:98,0
DA:105,1
DA:116,0
DA:118,0
DA:120,0
DA:121,0
DA:122,0
DA:123,0
DA:126,0
DA:128,0
DA:129,0
DA:130,0
DA:133,0
DA:134,0
DA:135,0
DA:138,0
DA:145,0
DA:146,0
DA:147,0
DA:150,0
DA:151,0
DA:161,0
DA:163,0
DA:165,0
DA:167,0
DA:173,0
DA:174,0
DA:179,1
DA:189,0
DA:191,0
DA:192,0
DA:195,0
DA:196,0
DA:199,0
DA:200,0
DA:203,0
DA:205,0
DA:211,0
DA:219,1
DA:223,0
DA:225,0
DA:226,0
DA:229,0
DA:230,0
DA:233,0
DA:234,0
DA:237,0
DA:239,0
DA:246,1
DA:250,0
DA:257,0
DA:258,0
DA:261,0
DA:262,0
DA:263,0
DA:266,0
DA:267,0
DA:271,0
DA:281,0
DA:282,0
DA:285,0
DA:297,0
DA:298,0
DA:300,0
DA:301,0
DA:303,0
DA:304,0
DA:317,0
DA:319,0
DA:324,0
DA:325,0
DA:326,0
DA:327,0
DA:328,0
DA:329,0
DA:331,0
DA:332,0
DA:345,0
DA:347,0
DA:351,0
DA:359,1
DA:367,0
DA:374,0
DA:375,0
DA:378,0
DA:379,0
DA:380,0
DA:383,0
DA:384,0
DA:387,0
DA:389,0
DA:395,0
DA:396,0
DA:398,0
DA:399,0
DA:401,0
DA:402,0
DA:415,0
DA:417,0
DA:421,0
DA:429,1
DA:432,0
DA:434,0
DA:435,0
DA:438,0
DA:439,0
DA:442,0
DA:450,0
DA:457,1
LF:142
LH:18
BRDA:13,0,0,0
BRDA:13,0,1,0
BRDA:27,1,0,0
BRDA:27,1,1,0
BRDA:28,2,0,0
BRDA:28,2,1,0
BRDA:44,3,0,0
BRDA:44,3,1,0
BRDA:46,4,0,0
BRDA:46,4,1,0
BRDA:89,5,0,0
BRDA:89,5,1,0
BRDA:94,6,0,0
BRDA:94,6,1,0
BRDA:94,7,0,0
BRDA:94,7,1,0
BRDA:94,7,2,0
BRDA:94,7,3,0
BRDA:121,8,0,0
BRDA:121,8,1,0
BRDA:128,9,0,0
BRDA:128,9,1,0
BRDA:133,10,0,0
BRDA:133,10,1,0
BRDA:133,11,0,0
BRDA:133,11,1,0
BRDA:145,12,0,0
BRDA:145,12,1,0
BRDA:191,13,0,0
BRDA:191,13,1,0
BRDA:195,14,0,0
BRDA:195,14,1,0
BRDA:199,15,0,0
BRDA:199,15,1,0
BRDA:206,16,0,0
BRDA:206,16,1,0
BRDA:207,17,0,0
BRDA:207,17,1,0
BRDA:208,18,0,0
BRDA:208,18,1,0
BRDA:225,19,0,0
BRDA:225,19,1,0
BRDA:229,20,0,0
BRDA:229,20,1,0
BRDA:233,21,0,0
BRDA:233,21,1,0
BRDA:257,22,0,0
BRDA:257,22,1,0
BRDA:262,23,0,0
BRDA:262,23,1,0
BRDA:262,24,0,0
BRDA:262,24,1,0
BRDA:266,25,0,0
BRDA:266,25,1,0
BRDA:300,26,0,0
BRDA:300,26,1,0
BRDA:307,27,0,0
BRDA:307,27,1,0
BRDA:310,28,0,0
BRDA:310,28,1,0
BRDA:327,29,0,0
BRDA:327,29,1,0
BRDA:335,30,0,0
BRDA:335,30,1,0
BRDA:338,31,0,0
BRDA:338,31,1,0
BRDA:374,32,0,0
BRDA:374,32,1,0
BRDA:379,33,0,0
BRDA:379,33,1,0
BRDA:379,34,0,0
BRDA:379,34,1,0
BRDA:383,35,0,0
BRDA:383,35,1,0
BRDA:391,36,0,0
BRDA:391,36,1,0
BRDA:398,37,0,0
BRDA:398,37,1,0
BRDA:405,38,0,0
BRDA:405,38,1,0
BRDA:408,39,0,0
BRDA:408,39,1,0
BRDA:410,40,0,0
BRDA:410,40,1,0
BRDA:434,41,0,0
BRDA:434,41,1,0
BRDA:438,42,0,0
BRDA:438,42,1,0
BRDA:438,43,0,0
BRDA:438,43,1,0
BRF:90
BRH:0
end_of_record
TN:
SF:src\routes\cart.js
FN:10,(anonymous_0)
FN:13,(anonymous_1)
FN:25,(anonymous_2)
FN:41,(anonymous_3)
FN:55,(anonymous_4)
FN:56,(anonymous_5)
FN:58,(anonymous_6)
FN:80,(anonymous_7)
FN:87,(anonymous_8)
FN:117,(anonymous_9)
FN:120,(anonymous_10)
FN:237,(anonymous_11)
FN:240,(anonymous_12)
FN:326,(anonymous_13)
FN:329,(anonymous_14)
FN:362,(anonymous_15)
FN:363,(anonymous_16)
FN:395,(anonymous_17)
FN:396,(anonymous_18)
FN:419,(anonymous_19)
FN:420,(anonymous_20)
FN:452,(anonymous_21)
FN:455,(anonymous_22)
FN:527,(anonymous_23)
FN:557,(anonymous_24)
FN:569,(anonymous_25)
FN:592,(anonymous_26)
FNF:27
FNH:3
FNDA:1,(anonymous_0)
FNDA:0,(anonymous_1)
FNDA:0,(anonymous_2)
FNDA:0,(anonymous_3)
FNDA:0,(anonymous_4)
FNDA:0,(anonymous_5)
FNDA:0,(anonymous_6)
FNDA:0,(anonymous_7)
FNDA:0,(anonymous_8)
FNDA:0,(anonymous_9)
FNDA:0,(anonymous_10)
FNDA:0,(anonymous_11)
FNDA:0,(anonymous_12)
FNDA:0,(anonymous_13)
FNDA:0,(anonymous_14)
FNDA:0,(anonymous_15)
FNDA:0,(anonymous_16)
FNDA:0,(anonymous_17)
FNDA:0,(anonymous_18)
FNDA:0,(anonymous_19)
FNDA:0,(anonymous_20)
FNDA:1,(anonymous_21)
FNDA:1,(anonymous_22)
FNDA:0,(anonymous_23)
FNDA:0,(anonymous_24)
FNDA:0,(anonymous_25)
FNDA:0,(anonymous_26)
DA:1,1
DA:2,1
DA:3,1
DA:4,1
DA:5,1
DA:6,1
DA:8,1
DA:10,1
DA:11,1
DA:12,1
DA:13,0
DA:15,1
DA:23,1
DA:26,0
DA:41,0
DA:54,0
DA:55,0
DA:56,0
DA:58,0
DA:60,0
DA:78,1
DA:81,0
DA:86,0
DA:87,0
DA:91,0
DA:108,1
DA:118,0
DA:120,0
DA:121,0
DA:123,0
DA:124,0
DA:127,0
DA:128,0
DA:131,0
DA:132,0
DA:135,0
DA:136,0
DA:139,0
DA:147,0
DA:148,0
DA:149,0
DA:150,0
DA:156,0
DA:157,0
DA:160,0
DA:169,0
DA:180,0
DA:185,0
DA:195,0
DA:206,0
DA:213,0
DA:229,1
DA:238,0
DA:240,0
DA:241,0
DA:257,0
DA:258,0
DA:261,0
DA:262,0
DA:269,0
DA:270,0
DA:271,0
DA:272,0
DA:274,0
DA:275,0
DA:283,0
DA:286,0
DA:287,0
DA:289,0
DA:291,0
DA:302,0
DA:305,0
DA:318,1
DA:327,0
DA:329,0
DA:330,0
DA:344,0
DA:347,0
DA:360,1
DA:363,0
DA:364,0
DA:372,0
DA:373,0
DA:376,0
DA:377,0
DA:380,0
DA:393,1
DA:396,0
DA:397,0
DA:401,0
DA:404,0
DA:417,1
DA:420,0
DA:421,0
DA:428,0
DA:431,0
DA:444,1
DA:453,1
DA:455,1
DA:456,1
DA:457,1
DA:458,0
DA:460,1
DA:463,1
DA:477,0
DA:478,0
DA:481,0
DA:482,0
DA:484,0
DA:485,0
DA:486,0
DA:488,0
DA:489,0
DA:491,0
DA:492,0
DA:494,0
DA:495,0
DA:497,0
DA:498,0
DA:502,0
DA:503,0
DA:511,0
DA:515,0
DA:516,0
DA:524,0
DA:525,0
DA:527,0
DA:528,0
DA:529,0
DA:530,0
DA:533,0
DA:534,0
DA:535,0
DA:537,0
DA:551,0
DA:552,0
DA:554,0
DA:557,0
DA:558,0
DA:566,0
DA:569,0
DA:573,0
DA:590,1
DA:593,0
DA:597,0
DA:604,0
DA:614,1
LF:147
LH:28
BRDA:12,0,0,0
BRDA:12,0,1,1
BRDA:49,1,0,0
BRDA:49,1,1,0
BRDA:118,2,0,0
BRDA:118,3,0,0
BRDA:123,4,0,0
BRDA:123,4,1,0
BRDA:127,5,0,0
BRDA:127,5,1,0
BRDA:131,6,0,0
BRDA:131,6,1,0
BRDA:135,7,0,0
BRDA:135,7,1,0
BRDA:147,8,0,0
BRDA:147,8,1,0
BRDA:149,9,0,0
BRDA:149,9,1,0
BRDA:156,10,0,0
BRDA:156,10,1,0
BRDA:213,11,0,0
BRDA:213,11,1,0
BRDA:215,12,0,0
BRDA:215,12,1,0
BRDA:257,13,0,0
BRDA:257,13,1,0
BRDA:261,14,0,0
BRDA:261,14,1,0
BRDA:270,15,0,0
BRDA:270,15,1,0
BRDA:271,16,0,0
BRDA:271,16,1,0
BRDA:274,17,0,0
BRDA:274,17,1,0
BRDA:286,18,0,0
BRDA:286,18,1,0
BRDA:287,19,0,0
BRDA:287,19,1,0
BRDA:372,20,0,0
BRDA:372,20,1,0
BRDA:457,21,0,0
BRDA:457,21,1,1
BRDA:457,22,0,1
BRDA:457,22,1,0
BRDA:477,23,0,0
BRDA:477,23,1,0
BRDA:488,24,0,0
BRDA:488,24,1,0
BRDA:491,25,0,0
BRDA:491,25,1,0
BRDA:494,26,0,0
BRDA:494,26,1,0
BRDA:497,27,0,0
BRDA:497,27,1,0
BRDA:502,28,0,0
BRDA:502,28,1,0
BRDA:506,29,0,0
BRDA:506,29,1,0
BRDA:515,30,0,0
BRDA:515,30,1,0
BRF:60
BRH:3
end_of_record
TN:
SF:src\routes\charts.js
FN:13,(anonymous_0)
FN:16,(anonymous_1)
FN:31,(anonymous_2)
FN:57,(anonymous_3)
FN:78,(anonymous_4)
FN:96,(anonymous_5)
FN:114,(anonymous_6)
FN:137,(anonymous_7)
FN:163,(anonymous_8)
FNF:9
FNH:0
FNDA:0,(anonymous_0)
FNDA:0,(anonymous_1)
FNDA:0,(anonymous_2)
FNDA:0,(anonymous_3)
FNDA:0,(anonymous_4)
FNDA:0,(anonymous_5)
FNDA:0,(anonymous_6)
FNDA:0,(anonymous_7)
FNDA:0,(anonymous_8)
DA:6,1
DA:7,1
DA:8,1
DA:9,1
DA:11,1
DA:13,1
DA:14,0
DA:15,0
DA:16,0
DA:18,0
DA:25,1
DA:32,0
DA:34,0
DA:36,0
DA:51,1
DA:58,0
DA:60,0
DA:62,0
DA:77,1
DA:79,0
DA:81,0
DA:95,1
DA:97,0
DA:99,0
DA:113,1
DA:115,0
DA:117,0
DA:131,1
DA:138,0
DA:140,0
DA:142,0
DA:157,1
DA:164,0
DA:166,0
DA:168,0
DA:179,1
LF:36
LH:14
BRDA:15,0,0,0
BRDA:15,0,1,0
BRDA:32,1,0,0
BRDA:32,1,1,0
BRDA:58,2,0,0
BRDA:58,2,1,0
BRDA:138,3,0,0
BRDA:138,3,1,0
BRDA:164,4,0,0
BRDA:164,4,1,0
BRF:10
BRH:0
end_of_record
TN:
SF:src\routes\order.js
FN:12,(anonymous_0)
FN:15,(anonymous_1)
FN:20,(anonymous_2)
FN:35,(anonymous_3)
FN:81,(anonymous_4)
FN:114,(anonymous_5)
FN:180,(anonymous_6)
FN:213,(anonymous_7)
FN:248,(anonymous_8)
FN:284,(anonymous_9)
FN:319,(anonymous_10)
FN:360,(anonymous_11)
FN:394,(anonymous_12)
FN:414,(anonymous_13)
FN:432,(anonymous_14)
FN:494,(anonymous_15)
FN:525,(anonymous_16)
FN:535,(anonymous_17)
FN:540,(anonymous_18)
FN:545,(anonymous_19)
FNF:20
FNH:0
FNDA:0,(anonymous_0)
FNDA:0,(anonymous_1)
FNDA:0,(anonymous_2)
FNDA:0,(anonymous_3)
FNDA:0,(anonymous_4)
FNDA:0,(anonymous_5)
FNDA:0,(anonymous_6)
FNDA:0,(anonymous_7)
FNDA:0,(anonymous_8)
FNDA:0,(anonymous_9)
FNDA:0,(anonymous_10)
FNDA:0,(anonymous_11)
FNDA:0,(anonymous_12)
FNDA:0,(anonymous_13)
FNDA:0,(anonymous_14)
FNDA:0,(anonymous_15)
FNDA:0,(anonymous_16)
FNDA:0,(anonymous_17)
FNDA:0,(anonymous_18)
FNDA:0,(anonymous_19)
DA:1,1
DA:2,1
DA:3,1
DA:4,1
DA:5,1
DA:6,1
DA:7,1
DA:8,1
DA:10,1
DA:12,1
DA:13,0
DA:14,0
DA:15,0
DA:17,0
DA:20,1
DA:21,0
DA:22,0
DA:23,0
DA:26,1
DA:36,0
DA:37,0
DA:38,0
DA:39,0
DA:40,0
DA:46,0
DA:47,0
DA:50,0
DA:51,0
DA:52,0
DA:53,0
DA:56,0
DA:64,0
DA:79,1
DA:82,0
DA:90,0
DA:91,0
DA:94,0
DA:95,0
DA:98,0
DA:105,1
DA:115,0
DA:118,0
DA:120,0
DA:121,0
DA:122,0
DA:124,0
DA:129,0
DA:130,0
DA:132,0
DA:133,0
DA:135,0
DA:136,0
DA:138,0
DA:139,0
DA:143,0
DA:155,0
DA:156,0
DA:158,0
DA:162,0
DA:164,0
DA:171,0
DA:172,0
DA:177,1
DA:181,0
DA:183,0
DA:184,0
DA:187,0
DA:188,0
DA:192,0
DA:193,0
DA:198,0
DA:201,0
DA:205,1
DA:214,0
DA:216,0
DA:217,0
DA:220,0
DA:221,0
DA:224,0
DA:225,0
DA:228,0
DA:230,0
DA:237,0
DA:245,1
DA:249,0
DA:251,0
DA:252,0
DA:255,0
DA:256,0
DA:259,0
DA:260,0
DA:263,0
DA:268,0
DA:276,1
DA:285,0
DA:287,0
DA:288,0
DA:291,0
DA:292,0
DA:295,0
DA:296,0
DA:299,0
DA:301,0
DA:308,0
DA:316,1
DA:320,0
DA:322,0
DA:323,0
DA:326,0
DA:327,0
DA:330,0
DA:331,0
DA:334,0
DA:340,0
DA:341,0
DA:342,0
DA:345,0
DA:353,1
DA:361,0
DA:363,0
DA:364,0
DA:367,0
DA:368,0
DA:371,0
DA:372,0
DA:375,0
DA:377,0
DA:383,0
DA:391,1
DA:395,0
DA:404,0
DA:411,1
DA:415,0
DA:424,0
DA:431,1
DA:433,0
DA:434,0
DA:435,0
DA:436,0
DA:439,0
DA:447,0
DA:450,0
DA:459,0
DA:476,0
DA:486,0
DA:493,0
DA:495,0
DA:500,0
DA:501,0
DA:503,0
DA:504,0
DA:509,0
DA:518,0
DA:525,0
DA:535,0
DA:540,0
DA:545,0
DA:554,1
LF:158
LH:24
BRDA:14,0,0,0
BRDA:14,0,1,0
BRDA:36,1,0,0
BRDA:36,1,1,0
BRDA:37,2,0,0
BRDA:37,2,1,0
BRDA:46,3,0,0
BRDA:46,3,1,0
BRDA:50,4,0,0
BRDA:50,4,1,0
BRDA:52,5,0,0
BRDA:52,5,1,0
BRDA:90,6,0,0
BRDA:90,6,1,0
BRDA:94,7,0,0
BRDA:94,7,1,0
BRDA:94,8,0,0
BRDA:94,8,1,0
BRDA:94,8,2,0
BRDA:129,9,0,0
BRDA:129,9,1,0
BRDA:132,10,0,0
BRDA:132,10,1,0
BRDA:135,11,0,0
BRDA:135,11,1,0
BRDA:138,12,0,0
BRDA:138,12,1,0
BRDA:183,13,0,0
BRDA:183,13,1,0
BRDA:187,14,0,0
BRDA:187,14,1,0
BRDA:192,15,0,0
BRDA:192,15,1,0
BRDA:192,16,0,0
BRDA:192,16,1,0
BRDA:192,16,2,0
BRDA:192,16,3,0
BRDA:216,17,0,0
BRDA:216,17,1,0
BRDA:220,18,0,0
BRDA:220,18,1,0
BRDA:224,19,0,0
BRDA:224,19,1,0
BRDA:251,20,0,0
BRDA:251,20,1,0
BRDA:255,21,0,0
BRDA:255,21,1,0
BRDA:259,22,0,0
BRDA:259,22,1,0
BRDA:287,23,0,0
BRDA:287,23,1,0
BRDA:291,24,0,0
BRDA:291,24,1,0
BRDA:295,25,0,0
BRDA:295,25,1,0
BRDA:305,26,0,0
BRDA:305,26,1,0
BRDA:322,27,0,0
BRDA:322,27,1,0
BRDA:326,28,0,0
BRDA:326,28,1,0
BRDA:330,29,0,0
BRDA:330,29,1,0
BRDA:330,30,0,0
BRDA:330,30,1,0
BRDA:341,31,0,0
BRDA:341,31,1,0
BRDA:342,32,0,0
BRDA:342,32,1,0
BRDA:363,33,0,0
BRDA:363,33,1,0
BRDA:367,34,0,0
BRDA:367,34,1,0
BRDA:371,35,0,0
BRDA:371,35,1,0
BRDA:371,36,0,0
BRDA:371,36,1,0
BRDA:447,37,0,0
BRDA:447,37,1,0
BRDA:500,38,0,0
BRDA:500,38,1,0
BRDA:522,39,0,0
BRDA:522,39,1,0
BRDA:527,40,0,0
BRDA:527,40,1,0
BRDA:528,41,0,0
BRDA:528,41,1,0
BRDA:531,42,0,0
BRDA:531,42,1,0
BRDA:538,43,0,0
BRDA:538,43,1,0
BRDA:546,44,0,0
BRDA:546,44,1,0
BRF:93
BRH:0
end_of_record
TN:
SF:src\routes\product.js
FN:12,(anonymous_0)
FN:15,(anonymous_1)
FN:29,(anonymous_2)
FN:61,(anonymous_3)
FN:79,(anonymous_4)
FN:118,(anonymous_5)
FN:144,(anonymous_6)
FN:192,(anonymous_7)
FN:225,(anonymous_8)
FNF:9
FNH:2
FNDA:1,(anonymous_0)
FNDA:0,(anonymous_1)
FNDA:0,(anonymous_2)
FNDA:0,(anonymous_3)
FNDA:0,(anonymous_4)
FNDA:1,(anonymous_5)
FNDA:0,(anonymous_6)
FNDA:0,(anonymous_7)
FNDA:0,(anonymous_8)
DA:1,1
DA:2,1
DA:3,1
DA:4,1
DA:5,1
DA:6,1
DA:7,1
DA:8,1
DA:10,1
DA:12,1
DA:13,1
DA:14,1
DA:15,0
DA:17,1
DA:20,1
DA:30,0
DA:31,0
DA:32,0
DA:33,0
DA:35,0
DA:36,0
DA:38,0
DA:39,0
DA:41,0
DA:42,0
DA:49,0
DA:61,0
DA:63,0
DA:78,1
DA:80,0
DA:92,0
DA:93,0
DA:96,0
DA:98,0
DA:105,1
DA:119,1
DA:121,1
DA:133,0
DA:141,1
DA:145,0
DA:147,0
DA:148,0
DA:151,0
DA:152,0
DA:155,0
DA:156,0
DA:158,0
DA:169,0
DA:170,0
DA:181,0
DA:189,1
DA:193,0
DA:195,0
DA:196,0
DA:199,0
DA:200,0
DA:203,0
DA:204,0
DA:206,0
DA:215,0
DA:222,1
DA:226,0
DA:227,0
DA:235,0
DA:242,1
LF:65
LH:22
BRDA:14,0,0,0
BRDA:14,0,1,1
BRDA:30,1,0,0
BRDA:30,1,1,0
BRDA:31,2,0,0
BRDA:31,2,1,0
BRDA:35,3,0,0
BRDA:35,3,1,0
BRDA:38,4,0,0
BRDA:38,4,1,0
BRDA:41,5,0,0
BRDA:41,5,1,0
BRDA:61,6,0,0
BRDA:61,6,1,0
BRDA:92,7,0,0
BRDA:92,7,1,0
BRDA:147,8,0,0
BRDA:147,8,1,0
BRDA:151,9,0,0
BRDA:151,9,1,0
BRDA:159,10,0,0
BRDA:159,10,1,0
BRDA:160,11,0,0
BRDA:160,11,1,0
BRDA:161,12,0,0
BRDA:161,12,1,0
BRDA:162,13,0,0
BRDA:162,13,1,0
BRDA:163,14,0,0
BRDA:163,14,1,0
BRDA:164,15,0,0
BRDA:164,15,1,0
BRDA:165,16,0,0
BRDA:165,16,1,0
BRDA:166,17,0,0
BRDA:166,17,1,0
BRDA:195,18,0,0
BRDA:195,18,1,0
BRDA:199,19,0,0
BRDA:199,19,1,0
BRF:40
BRH:1
end_of_record
TN:
SF:src\routes\productUpdateRequests.js
FN:9,(anonymous_0)
FN:12,(anonymous_1)
FN:27,(anonymous_2)
FN:68,(anonymous_3)
FN:95,(anonymous_4)
FN:146,(anonymous_5)
FN:230,(anonymous_6)
FN:282,(anonymous_7)
FNF:8
FNH:0
FNDA:0,(anonymous_0)
FNDA:0,(anonymous_1)
FNDA:0,(anonymous_2)
FNDA:0,(anonymous_3)
FNDA:0,(anonymous_4)
FNDA:0,(anonymous_5)
FNDA:0,(anonymous_6)
FNDA:0,(anonymous_7)
DA:1,1
DA:2,1
DA:3,1
DA:4,1
DA:5,1
DA:7,1
DA:9,1
DA:10,0
DA:11,0
DA:12,0
DA:14,0
DA:18,1
DA:28,0
DA:29,0
DA:30,0
DA:31,0
DA:33,0
DA:34,0
DA:37,0
DA:49,0
DA:65,1
DA:69,0
DA:77,0
DA:85,1
DA:96,0
DA:99,0
DA:100,0
DA:101,0
DA:103,0
DA:104,0
DA:108,0
DA:115,0
DA:116,0
DA:119,0
DA:129,0
DA:138,1
DA:147,0
DA:148,0
DA:149,0
DA:150,0
DA:152,0
DA:159,0
DA:160,0
DA:162,0
DA:163,0
DA:167,0
DA:175,0
DA:176,0
DA:182,0
DA:183,0
DA:184,0
DA:185,0
DA:186,0
DA:189,0
DA:190,0
DA:191,0
DA:195,0
DA:200,0
DA:211,0
DA:213,0
DA:222,1
DA:231,0
DA:232,0
DA:234,0
DA:240,0
DA:241,0
DA:243,0
DA:244,0
DA:247,0
DA:255,0
DA:267,0
DA:276,1
DA:283,0
DA:285,0
DA:293,0
DA:294,0
DA:298,0
DA:299,0
DA:302,0
DA:309,1
LF:80
LH:14
BRDA:11,0,0,0
BRDA:11,0,1,0
BRDA:28,1,0,0
BRDA:28,1,1,0
BRDA:29,2,0,0
BRDA:29,2,1,0
BRDA:33,3,0,0
BRDA:33,3,1,0
BRDA:100,4,0,0
BRDA:100,4,1,0
BRDA:103,5,0,0
BRDA:103,5,1,0
BRDA:115,6,0,0
BRDA:115,6,1,0
BRDA:122,7,0,0
BRDA:122,7,1,0
BRDA:159,8,0,0
BRDA:159,8,1,0
BRDA:162,9,0,0
BRDA:162,9,1,0
BRDA:169,10,0,0
BRDA:169,10,1,0
BRDA:182,11,0,0
BRDA:182,11,1,0
BRDA:185,12,0,0
BRDA:185,12,1,0
BRDA:208,13,0,0
BRDA:208,13,1,0
BRDA:240,14,0,0
BRDA:240,14,1,0
BRDA:243,15,0,0
BRDA:243,15,1,0
BRDA:263,16,0,0
BRDA:263,16,1,0
BRDA:293,17,0,0
BRDA:293,17,1,0
BRDA:298,18,0,0
BRDA:298,18,1,0
BRDA:298,19,0,0
BRDA:298,19,1,0
BRF:40
BRH:0
end_of_record
TN:
SF:src\routes\project.js
FN:11,(anonymous_0)
FN:14,(anonymous_1)
FN:29,(anonymous_2)
FN:68,(anonymous_3)
FN:86,(anonymous_4)
FN:123,(anonymous_5)
FN:152,(anonymous_6)
FN:189,(anonymous_7)
FN:212,(anonymous_8)
FNF:9
FNH:0
FNDA:0,(anonymous_0)
FNDA:0,(anonymous_1)
FNDA:0,(anonymous_2)
FNDA:0,(anonymous_3)
FNDA:0,(anonymous_4)
FNDA:0,(anonymous_5)
FNDA:0,(anonymous_6)
FNDA:0,(anonymous_7)
FNDA:0,(anonymous_8)
DA:1,1
DA:2,1
DA:3,1
DA:4,1
DA:5,1
DA:6,1
DA:7,1
DA:9,1
DA:11,1
DA:12,0
DA:13,0
DA:14,0
DA:16,0
DA:19,1
DA:30,0
DA:31,0
DA:32,0
DA:33,0
DA:35,0
DA:36,0
DA:38,0
DA:39,0
DA:41,0
DA:43,0
DA:44,0
DA:52,0
DA:53,0
DA:54,0
DA:60,0
DA:68,0
DA:70,0
DA:85,1
DA:87,0
DA:94,0
DA:95,0
DA:98,0
DA:100,0
DA:107,1
DA:124,0
DA:126,0
DA:141,0
DA:149,1
DA:153,0
DA:155,0
DA:156,0
DA:159,0
DA:160,0
DA:163,0
DA:165,0
DA:178,0
DA:186,1
DA:190,0
DA:192,0
DA:193,0
DA:196,0
DA:197,0
DA:200,0
DA:202,0
DA:209,1
DA:213,0
DA:214,0
DA:223,0
DA:230,1
LF:63
LH:16
BRDA:13,0,0,0
BRDA:13,0,1,0
BRDA:30,1,0,0
BRDA:30,1,1,0
BRDA:31,2,0,0
BRDA:31,2,1,0
BRDA:35,3,0,0
BRDA:35,3,1,0
BRDA:38,4,0,0
BRDA:38,4,1,0
BRDA:43,5,0,0
BRDA:43,5,1,0
BRDA:53,6,0,0
BRDA:53,6,1,0
BRDA:68,7,0,0
BRDA:68,7,1,0
BRDA:94,8,0,0
BRDA:94,8,1,0
BRDA:136,9,0,0
BRDA:136,9,1,0
BRDA:155,10,0,0
BRDA:155,10,1,0
BRDA:159,11,0,0
BRDA:159,11,1,0
BRDA:166,12,0,0
BRDA:166,12,1,0
BRDA:167,13,0,0
BRDA:167,13,1,0
BRDA:168,14,0,0
BRDA:168,14,1,0
BRDA:169,15,0,0
BRDA:169,15,1,0
BRDA:170,16,0,0
BRDA:170,16,1,0
BRDA:171,17,0,0
BRDA:171,17,1,0
BRDA:172,18,0,0
BRDA:172,18,1,0
BRDA:173,19,0,0
BRDA:173,19,1,0
BRDA:174,20,0,0
BRDA:174,20,1,0
BRDA:175,21,0,0
BRDA:175,21,1,0
BRDA:192,22,0,0
BRDA:192,22,1,0
BRDA:196,23,0,0
BRDA:196,23,1,0
BRF:48
BRH:0
end_of_record
TN:
SF:src\routes\projectApplications.js
FN:10,(anonymous_0)
FN:13,(anonymous_1)
FN:29,(anonymous_2)
FN:73,(anonymous_3)
FN:107,(anonymous_4)
FN:139,(anonymous_5)
FN:194,(anonymous_6)
FN:300,(anonymous_7)
FN:352,(anonymous_8)
FNF:9
FNH:0
FNDA:0,(anonymous_0)
FNDA:0,(anonymous_1)
FNDA:0,(anonymous_2)
FNDA:0,(anonymous_3)
FNDA:0,(anonymous_4)
FNDA:0,(anonymous_5)
FNDA:0,(anonymous_6)
FNDA:0,(anonymous_7)
FNDA:0,(anonymous_8)
DA:1,1
DA:2,1
DA:3,1
DA:4,1
DA:5,1
DA:6,1
DA:8,1
DA:10,1
DA:11,0
DA:12,0
DA:13,0
DA:15,0
DA:19,1
DA:30,0
DA:31,0
DA:32,0
DA:33,0
DA:35,0
DA:36,0
DA:38,0
DA:39,0
DA:42,0
DA:54,0
DA:70,1
DA:74,0
DA:82,0
DA:90,1
DA:108,0
DA:110,0
DA:119,0
DA:128,1
DA:140,0
DA:141,0
DA:144,0
DA:145,0
DA:146,0
DA:148,0
DA:149,0
DA:153,0
DA:161,0
DA:162,0
DA:165,0
DA:177,0
DA:186,1
DA:195,0
DA:196,0
DA:198,0
DA:203,0
DA:204,0
DA:206,0
DA:207,0
DA:211,0
DA:219,0
DA:221,0
DA:222,0
DA:237,0
DA:240,0
DA:251,0
DA:253,0
DA:254,0
DA:255,0
DA:256,0
DA:270,0
DA:283,0
DA:292,1
DA:301,0
DA:302,0
DA:304,0
DA:305,0
DA:306,0
DA:308,0
DA:309,0
DA:312,0
DA:320,0
DA:321,0
DA:325,0
DA:337,0
DA:346,1
DA:353,0
DA:355,0
DA:363,0
DA:364,0
DA:368,0
DA:369,0
DA:372,0
DA:379,1
LF:86
LH:16
BRDA:12,0,0,0
BRDA:12,0,1,0
BRDA:30,1,0,0
BRDA:30,1,1,0
BRDA:31,2,0,0
BRDA:31,2,1,0
BRDA:35,3,0,0
BRDA:35,3,1,0
BRDA:38,4,0,0
BRDA:38,4,1,0
BRDA:114,5,0,0
BRDA:114,5,1,0
BRDA:145,6,0,0
BRDA:145,6,1,0
BRDA:148,7,0,0
BRDA:148,7,1,0
BRDA:161,8,0,0
BRDA:161,8,1,0
BRDA:169,9,0,0
BRDA:169,9,1,0
BRDA:203,10,0,0
BRDA:203,10,1,0
BRDA:206,11,0,0
BRDA:206,11,1,0
BRDA:213,12,0,0
BRDA:213,12,1,0
BRDA:219,13,0,0
BRDA:219,13,1,0
BRDA:223,14,0,0
BRDA:223,14,1,0
BRDA:251,15,0,0
BRDA:251,15,1,0
BRDA:254,16,0,0
BRDA:254,16,1,0
BRDA:257,17,0,0
BRDA:257,17,1,0
BRDA:258,18,0,0
BRDA:258,18,1,0
BRDA:259,19,0,0
BRDA:259,19,1,0
BRDA:260,20,0,0
BRDA:260,20,1,0
BRDA:261,21,0,0
BRDA:261,21,1,0
BRDA:262,22,0,0
BRDA:262,22,1,0
BRDA:263,23,0,0
BRDA:263,23,1,0
BRDA:264,24,0,0
BRDA:264,24,1,0
BRDA:265,25,0,0
BRDA:265,25,1,0
BRDA:305,26,0,0
BRDA:305,26,1,0
BRDA:308,27,0,0
BRDA:308,27,1,0
BRDA:320,28,0,0
BRDA:320,28,1,0
BRDA:321,29,0,0
BRDA:321,29,1,0
BRDA:363,30,0,0
BRDA:363,30,1,0
BRDA:368,31,0,0
BRDA:368,31,1,0
BRDA:368,32,0,0
BRDA:368,32,1,0
BRF:66
BRH:0
end_of_record
TN:
SF:src\routes\upload.js
FN:19,(anonymous_0)
FN:32,(anonymous_1)
FN:33,(anonymous_2)
FN:112,(anonymous_3)
FNF:4
FNH:0
FNDA:0,(anonymous_0)
FNDA:0,(anonymous_1)
FNDA:0,(anonymous_2)
FNDA:0,(anonymous_3)
DA:1,1
DA:2,1
DA:3,1
DA:4,1
DA:5,1
DA:6,1
DA:7,1
DA:9,1
DA:11,1
DA:12,0
DA:15,1
DA:17,1
DA:20,0
DA:21,0
DA:24,0
DA:25,0
DA:27,0
DA:28,0
DA:31,0
DA:32,0
DA:33,0
DA:34,0
DA:35,0
DA:36,0
DA:38,0
DA:40,0
DA:41,0
DA:42,0
DA:43,0
DA:45,0
DA:46,0
DA:47,0
DA:49,0
DA:50,0
DA:51,0
DA:52,0
DA:53,0
DA:56,0
DA:57,0
DA:59,0
DA:60,0
DA:61,0
DA:63,0
DA:64,0
DA:66,0
DA:67,0
DA:68,0
DA:71,0
DA:72,0
DA:73,0
DA:75,0
DA:77,0
DA:79,0
DA:87,0
DA:90,0
DA:98,0
DA:99,0
DA:111,1
DA:113,0
DA:114,0
DA:116,0
DA:117,0
DA:120,0
DA:121,0
DA:131,0
DA:132,0
DA:134,0
DA:135,0
DA:139,1
LF:69
LH:13
BRDA:11,0,0,0
BRDA:11,0,1,1
BRDA:20,1,0,0
BRDA:20,1,1,0
BRDA:20,2,0,0
BRDA:20,2,1,0
BRDA:27,3,0,0
BRDA:27,3,1,0
BRDA:43,4,0,0
BRDA:43,4,1,0
BRDA:49,5,0,0
BRDA:49,5,1,0
BRDA:51,6,0,0
BRDA:51,6,1,0
BRDA:57,7,0,0
BRDA:57,7,1,0
BRDA:61,8,0,0
BRDA:61,8,1,0
BRDA:66,9,0,0
BRDA:66,9,1,0
BRDA:116,10,0,0
BRDA:116,10,1,0
BRDA:131,11,0,0
BRDA:131,11,1,0
BRF:24
BRH:1
end_of_record
TN:
SF:src\routes\user.js
FN:12,(anonymous_0)
FN:15,(anonymous_1)
FN:23,(anonymous_2)
FN:48,(anonymous_3)
FN:62,(anonymous_4)
FN:86,(anonymous_5)
FN:94,(anonymous_6)
FN:98,(anonymous_7)
FN:122,(anonymous_8)
FN:130,(anonymous_9)
FN:138,(anonymous_10)
FN:158,(anonymous_11)
FN:182,(anonymous_12)
FN:204,(anonymous_13)
FN:268,(anonymous_14)
FN:303,(anonymous_15)
FN:311,(anonymous_16)
FN:319,(anonymous_17)
FN:327,(anonymous_18)
FN:335,(anonymous_19)
FNF:20
FNH:0
FNDA:0,(anonymous_0)
FNDA:0,(anonymous_1)
FNDA:0,(anonymous_2)
FNDA:0,(anonymous_3)
FNDA:0,(anonymous_4)
FNDA:0,(anonymous_5)
FNDA:0,(anonymous_6)
FNDA:0,(anonymous_7)
FNDA:0,(anonymous_8)
FNDA:0,(anonymous_9)
FNDA:0,(anonymous_10)
FNDA:0,(anonymous_11)
FNDA:0,(anonymous_12)
FNDA:0,(anonymous_13)
FNDA:0,(anonymous_14)
FNDA:0,(anonymous_15)
FNDA:0,(anonymous_16)
FNDA:0,(anonymous_17)
FNDA:0,(anonymous_18)
FNDA:0,(anonymous_19)
DA:1,1
DA:2,1
DA:3,1
DA:4,1
DA:5,1
DA:6,1
DA:7,1
DA:8,1
DA:10,1
DA:12,1
DA:13,0
DA:14,0
DA:15,0
DA:17,0
DA:20,1
DA:24,0
DA:25,0
DA:27,0
DA:28,0
DA:29,0
DA:30,0
DA:31,0
DA:38,0
DA:45,0
DA:48,0
DA:60,1
DA:63,0
DA:67,0
DA:68,0
DA:71,0
DA:78,1
DA:87,0
DA:88,0
DA:89,0
DA:95,0
DA:96,0
DA:98,0
DA:99,0
DA:100,0
DA:101,0
DA:105,0
DA:107,0
DA:115,1
DA:123,0
DA:124,0
DA:125,0
DA:126,0
DA:128,0
DA:131,0
DA:132,0
DA:134,0
DA:139,0
DA:141,0
DA:142,0
DA:143,0
DA:146,0
DA:148,0
DA:155,1
DA:159,0
DA:161,0
DA:162,0
DA:163,0
DA:166,0
DA:167,0
DA:170,0
DA:172,0
DA:179,1
DA:183,0
DA:185,0
DA:186,0
DA:189,0
DA:190,0
DA:193,0
DA:195,0
DA:202,1
DA:205,0
DA:206,0
DA:208,0
DA:209,0
DA:210,0
DA:221,0
DA:232,0
DA:239,0
DA:246,0
DA:266,1
DA:269,0
DA:270,0
DA:271,0
DA:273,0
DA:302,0
DA:303,0
DA:311,0
DA:319,0
DA:327,0
DA:335,0
DA:337,0
DA:344,1
LF:97
LH:19
BRDA:14,0,0,0
BRDA:14,0,1,0
BRDA:24,1,0,0
BRDA:24,2,0,0
BRDA:28,3,0,0
BRDA:28,3,1,0
BRDA:29,4,0,0
BRDA:29,4,1,0
BRDA:30,5,0,0
BRDA:30,5,1,0
BRDA:67,6,0,0
BRDA:67,6,1,0
BRDA:87,7,0,0
BRDA:87,7,1,0
BRDA:88,8,0,0
BRDA:88,8,1,0
BRDA:99,9,0,0
BRDA:99,9,1,0
BRDA:101,10,0,0
BRDA:101,10,1,0
BRDA:125,11,0,0
BRDA:125,11,1,0
BRDA:131,12,0,0
BRDA:131,12,1,0
BRDA:142,13,0,0
BRDA:142,13,1,0
BRDA:162,14,0,0
BRDA:162,14,1,0
BRDA:166,15,0,0
BRDA:166,15,1,0
BRDA:185,16,0,0
BRDA:185,16,1,0
BRDA:189,17,0,0
BRDA:189,17,1,0
BRDA:256,18,0,0
BRDA:256,18,1,0
BRDA:257,19,0,0
BRDA:257,19,1,0
BRDA:271,20,0,0
BRDA:271,20,1,0
BRDA:321,21,0,0
BRDA:321,21,1,0
BRF:42
BRH:0
end_of_record
TN:
SF:src\routes\userUpdateRequests.js
FN:9,(anonymous_0)
FN:12,(anonymous_1)
FN:28,(anonymous_2)
FN:71,(anonymous_3)
FN:94,(anonymous_4)
FN:136,(anonymous_5)
FN:201,(anonymous_6)
FN:249,(anonymous_7)
FNF:8
FNH:0
FNDA:0,(anonymous_0)
FNDA:0,(anonymous_1)
FNDA:0,(anonymous_2)
FNDA:0,(anonymous_3)
FNDA:0,(anonymous_4)
FNDA:0,(anonymous_5)
FNDA:0,(anonymous_6)
FNDA:0,(anonymous_7)
DA:1,1
DA:2,1
DA:3,1
DA:4,1
DA:5,1
DA:7,1
DA:9,1
DA:10,0
DA:11,0
DA:12,0
DA:14,0
DA:18,1
DA:29,0
DA:30,0
DA:31,0
DA:32,0
DA:34,0
DA:35,0
DA:37,0
DA:38,0
DA:41,0
DA:52,0
DA:68,1
DA:72,0
DA:77,0
DA:85,1
DA:95,0
DA:98,0
DA:105,0
DA:106,0
DA:109,0
DA:119,0
DA:128,1
DA:137,0
DA:138,0
DA:140,0
DA:144,0
DA:145,0
DA:147,0
DA:148,0
DA:152,0
DA:160,0
DA:161,0
DA:162,0
DA:163,0
DA:164,0
DA:165,0
DA:168,0
DA:172,0
DA:184,0
DA:193,1
DA:202,0
DA:203,0
DA:205,0
DA:207,0
DA:208,0
DA:210,0
DA:211,0
DA:214,0
DA:222,0
DA:234,0
DA:243,1
DA:250,0
DA:252,0
DA:259,0
DA:260,0
DA:264,0
DA:265,0
DA:268,0
DA:275,1
LF:70
LH:14
BRDA:11,0,0,0
BRDA:11,0,1,0
BRDA:29,1,0,0
BRDA:29,1,1,0
BRDA:30,2,0,0
BRDA:30,2,1,0
BRDA:34,3,0,0
BRDA:34,3,1,0
BRDA:37,4,0,0
BRDA:37,4,1,0
BRDA:105,5,0,0
BRDA:105,5,1,0
BRDA:144,6,0,0
BRDA:144,6,1,0
BRDA:147,7,0,0
BRDA:147,7,1,0
BRDA:154,8,0,0
BRDA:154,8,1,0
BRDA:161,9,0,0
BRDA:161,9,1,0
BRDA:164,10,0,0
BRDA:164,10,1,0
BRDA:207,11,0,0
BRDA:207,11,1,0
BRDA:210,12,0,0
BRDA:210,12,1,0
BRDA:259,13,0,0
BRDA:259,13,1,0
BRDA:264,14,0,0
BRDA:264,14,1,0
BRDA:264,15,0,0
BRDA:264,15,1,0
BRF:32
BRH:0
end_of_record
TN:
SF:src\services\chartService.js
FN:15,(anonymous_0)
FN:53,(anonymous_1)
FN:54,(anonymous_2)
FN:55,(anonymous_3)
FN:159,(anonymous_4)
FN:171,(anonymous_5)
FN:172,(anonymous_6)
FN:185,(anonymous_7)
FN:223,(anonymous_8)
FN:226,(anonymous_9)
FN:241,(anonymous_10)
FN:252,(anonymous_11)
FN:266,(anonymous_12)
FN:267,(anonymous_13)
FN:337,(anonymous_14)
FN:349,(anonymous_15)
FN:350,(anonymous_16)
FN:407,(anonymous_17)
FN:425,(anonymous_18)
FN:438,(anonymous_19)
FN:442,(anonymous_20)
FN:443,(anonymous_21)
FN:507,(anonymous_22)
FN:536,(anonymous_23)
FN:596,(anonymous_24)
FN:629,(anonymous_25)
FNF:26
FNH:0
FNDA:0,(anonymous_0)
FNDA:0,(anonymous_1)
FNDA:0,(anonymous_2)
FNDA:0,(anonymous_3)
FNDA:0,(anonymous_4)
FNDA:0,(anonymous_5)
FNDA:0,(anonymous_6)
FNDA:0,(anonymous_7)
FNDA:0,(anonymous_8)
FNDA:0,(anonymous_9)
FNDA:0,(anonymous_10)
FNDA:0,(anonymous_11)
FNDA:0,(anonymous_12)
FNDA:0,(anonymous_13)
FNDA:0,(anonymous_14)
FNDA:0,(anonymous_15)
FNDA:0,(anonymous_16)
FNDA:0,(anonymous_17)
FNDA:0,(anonymous_18)
FNDA:0,(anonymous_19)
FNDA:0,(anonymous_20)
FNDA:0,(anonymous_21)
FNDA:0,(anonymous_22)
FNDA:0,(anonymous_23)
FNDA:0,(anonymous_24)
FNDA:0,(anonymous_25)
DA:6,1
DA:7,1
DA:16,0
DA:20,0
DA:22,0
DA:23,0
DA:25,0
DA:26,0
DA:28,0
DA:29,0
DA:31,0
DA:35,0
DA:53,0
DA:54,0
DA:55,0
DA:57,0
DA:161,0
DA:171,0
DA:172,0
DA:175,0
DA:185,0
DA:187,0
DA:224,0
DA:225,0
DA:226,0
DA:227,0
DA:228,0
DA:242,0
DA:251,0
DA:253,0
DA:258,0
DA:259,0
DA:261,0
DA:262,0
DA:266,0
DA:267,0
DA:269,0
DA:339,0
DA:349,0
DA:350,0
DA:352,0
DA:363,0
DA:409,0
DA:425,0
DA:426,0
DA:437,0
DA:438,0
DA:439,0
DA:442,0
DA:443,0
DA:445,0
DA:514,0
DA:522,0
DA:537,0
DA:538,0
DA:539,0
DA:550,0
DA:582,0
DA:585,0
DA:596,0
DA:608,0
DA:630,0
DA:631,0
DA:633,0
DA:635,0
DA:636,0
DA:638,0
DA:639,0
DA:641,0
DA:642,0
DA:644,0
DA:645,0
DA:647,0
DA:648,0
DA:650,0
DA:653,0
DA:657,1
LF:77
LH:3
BRDA:15,0,0,0
BRDA:20,1,0,0
BRDA:20,1,1,0
BRDA:20,1,2,0
BRDA:20,1,3,0
BRDA:55,2,0,0
BRDA:55,2,1,0
BRDA:185,3,0,0
BRDA:185,3,1,0
BRDA:224,4,0,0
BRDA:224,4,1,0
BRDA:225,5,0,0
BRDA:225,5,1,0
BRDA:227,6,0,0
BRDA:227,6,1,0
BRDA:258,7,0,0
BRDA:258,7,1,0
BRDA:349,8,0,0
BRDA:349,8,1,0
BRDA:407,9,0,0
BRDA:439,10,0,0
BRDA:439,10,1,0
BRDA:439,10,2,0
BRDA:442,11,0,0
BRDA:442,11,1,0
BRDA:443,12,0,0
BRDA:443,12,1,0
BRDA:507,13,0,0
BRDA:536,14,0,0
BRDA:582,15,0,0
BRDA:582,15,1,0
BRDA:598,16,0,0
BRDA:598,16,1,0
BRDA:599,17,0,0
BRDA:599,17,1,0
BRDA:602,18,0,0
BRDA:602,18,1,0
BRDA:602,19,0,0
BRDA:602,19,1,0
BRDA:604,20,0,0
BRDA:604,20,1,0
BRDA:604,20,2,0
BRDA:605,21,0,0
BRDA:605,21,1,0
BRDA:605,21,2,0
BRDA:612,22,0,0
BRDA:612,22,1,0
BRDA:633,23,0,0
BRDA:633,23,1,0
BRDA:633,23,2,0
BRDA:633,23,3,0
BRDA:633,23,4,0
BRDA:633,23,5,0
BRF:53
BRH:0
end_of_record
TN:
SF:src\utils\dataLog.js
FN:3,logDataChange
FN:33,detectChanges
FNF:2
FNH:0
FNDA:0,logDataChange
FNDA:0,detectChanges
DA:1,1
DA:13,0
DA:15,0
DA:16,0
DA:29,0
DA:34,0
DA:35,0
DA:37,0
DA:38,0
DA:39,0
DA:43,0
DA:46,1
LF:12
LH:2
BRDA:9,0,0,0
BRDA:10,1,0,0
BRDA:11,2,0,0
BRDA:12,3,0,0
BRDA:24,4,0,0
BRDA:24,4,1,0
BRDA:24,5,0,0
BRDA:24,5,1,0
BRDA:25,6,0,0
BRDA:25,6,1,0
BRDA:25,7,0,0
BRDA:25,7,1,0
BRDA:26,8,0,0
BRDA:26,8,1,0
BRDA:38,9,0,0
BRDA:38,9,1,0
BRDA:38,10,0,0
BRDA:38,10,1,0
BRDA:43,11,0,0
BRDA:43,11,1,0
BRF:20
BRH:0
end_of_record
TN:
SF:src\utils\helpers.js
FN:7,(anonymous_0)
FN:13,(anonymous_1)
FN:17,(anonymous_2)
FN:21,(anonymous_3)
FN:25,(anonymous_4)
FN:29,(anonymous_5)
FN:58,(anonymous_6)
FNF:7
FNH:3
FNDA:2,(anonymous_0)
FNDA:0,(anonymous_1)
FNDA:0,(anonymous_2)
FNDA:0,(anonymous_3)
FNDA:0,(anonymous_4)
FNDA:2,(anonymous_5)
FNDA:10,(anonymous_6)
DA:1,1
DA:2,1
DA:4,1
DA:5,1
DA:7,1
DA:8,2
DA:9,2
DA:10,2
DA:13,1
DA:14,0
DA:17,1
DA:18,0
DA:21,1
DA:22,0
DA:25,1
DA:26,0
DA:29,1
DA:30,2
DA:32,2
DA:33,0
DA:36,2
DA:37,0
DA:40,2
DA:41,0
DA:44,2
DA:45,0
DA:48,2
DA:49,0
DA:52,2
DA:58,1
DA:59,10
DA:60,10
DA:65,1
LF:33
LH:24
BRDA:32,0,0,0
BRDA:32,0,1,2
BRDA:36,1,0,0
BRDA:36,1,1,2
BRDA:40,2,0,0
BRDA:40,2,1,2
BRDA:44,3,0,0
BRDA:44,3,1,2
BRDA:48,4,0,0
BRDA:48,4,1,2
BRDA:59,5,0,0
BRDA:59,5,1,10
BRF:12
BRH:6
end_of_record
TN:
SF:src\utils\logger.js
FN:14,(anonymous_0)
FNF:1
FNH:1
FNDA:16,(anonymous_0)
DA:1,1
DA:2,1
DA:3,1
DA:5,1
DA:7,1
DA:8,0
DA:11,1
DA:15,16
DA:16,16
DA:17,16
DA:18,16
DA:19,16
DA:23,1
DA:47,1
DA:48,1
DA:56,1
LF:16
LH:15
BRDA:7,0,0,0
BRDA:7,0,1,1
BRDA:16,1,0,16
BRDA:16,1,1,0
BRDA:17,2,0,16
BRDA:17,2,1,0
BRDA:18,3,0,6
BRDA:18,3,1,10
BRDA:24,4,0,1
BRDA:24,4,1,0
BRDA:47,5,0,1
BRDA:47,5,1,0
BRF:12
BRH:7
end_of_record
